[03:42:49] [modloading-worker-0/INFO] ========================================
[03:42:49] [modloading-worker-0/INFO] Minecraft: 1.21.1
[03:42:49] [modloading-worker-0/INFO] Side: server
[03:42:49] [modloading-worker-0/INFO] Development: false
[03:42:49] [modloading-worker-0/INFO] Version: 16.0.799
[03:42:49] [modloading-worker-0/INFO] Loader:
[03:42:49] [modloading-worker-0/INFO] - Forge: null
[03:42:49] [modloading-worker-0/INFO] Dependencies:
[03:42:49] [modloading-worker-0/INFO] - Cloth Config: 15.0.140
[03:42:49] [modloading-worker-0/INFO] - Architectury: 13.0.8
[03:42:49] [modloading-worker-0/INFO] Mixin: 0.8.7
[03:42:49] [modloading-worker-0/INFO] OS: Linux 6.6.87.2-microsoft-standard-WSL2 (amd64)
[03:42:49] [modloading-worker-0/INFO] Java: 25.0.2 (Eclipse Adoptium)
[03:42:49] [modloading-worker-0/INFO] ========================================
[03:42:49] [modloading-worker-0/INFO] Mods:
[03:42:49] [modloading-worker-0/INFO] - accessories: 1.1.0-beta.53+1.21.1
[03:42:49] [modloading-worker-0/INFO] - accessories_compat_layer: 0.1.12
[03:42:49] [modloading-worker-0/INFO] - advancementplaques: 1.6.8
[03:42:49] [modloading-worker-0/INFO] - ambientsounds: 6.3.3
[03:42:49] [modloading-worker-0/INFO] - amendments: 1.21-2.0.15
[03:42:49] [modloading-worker-0/INFO] - amplified_nether: 1.2.14
[03:42:49] [modloading-worker-0/INFO] - animal_feeding_trough: 1.1.2
[03:42:49] [modloading-worker-0/INFO] - architectury: 13.0.8
[03:42:49] [modloading-worker-0/INFO] - balm: 21.0.56
[03:42:49] [modloading-worker-0/INFO] - betteradvancements: 0.4.3.21
[03:42:49] [modloading-worker-0/INFO] - betterarcheology: 1.21.1-1.3.4
[03:42:49] [modloading-worker-0/INFO] - bettercombat: 2.3.2+1.21.1
[03:42:49] [modloading-worker-0/INFO] - betterdeserttemples: 1.21.1-NeoForge-4.1.5
[03:42:49] [modloading-worker-0/INFO] - betterdungeons: 1.21.1-NeoForge-5.1.4
[03:42:49] [modloading-worker-0/INFO] - betterfortresses: 1.21.1-NeoForge-3.1.5
[03:42:49] [modloading-worker-0/INFO] - betterjungletemples: 1.21.1-NeoForge-3.1.2
[03:42:49] [modloading-worker-0/INFO] - bettermineshafts: 1.21.1-NeoForge-5.1.1
[03:42:49] [modloading-worker-0/INFO] - betteroceanmonuments: 1.21.1-NeoForge-4.1.2
[03:42:49] [modloading-worker-0/INFO] - betterpingdisplay: 1.1
[03:42:49] [modloading-worker-0/INFO] - betterthanmending: 2.2.0
[03:42:49] [modloading-worker-0/INFO] - betterwitchhuts: 1.21.1-NeoForge-4.1.1
[03:42:49] [modloading-worker-0/INFO] - blueprint: 8.0.8
[03:42:49] [modloading-worker-0/INFO] - bookshelf: 21.1.81
[03:42:49] [modloading-worker-0/INFO] - brewinandchewin: 4.4.2
[03:42:49] [modloading-worker-0/INFO] - caelus: 7.0.1+1.21.1
[03:42:49] [modloading-worker-0/INFO] - carryon: 2.2.4
[03:42:49] [modloading-worker-0/INFO] - cclayer: 0.1.12
[03:42:49] [modloading-worker-0/INFO] - charmofundying: 9.1.0+1.21.1
[03:42:49] [modloading-worker-0/INFO] - cherishedworlds: 10.1.1+1.21.1
[03:42:49] [modloading-worker-0/INFO] - clientsort: 2.2.1+1.21.1
[03:42:49] [modloading-worker-0/INFO] - cloth_config: 15.0.140
[03:42:49] [modloading-worker-0/INFO] - clumps: 19.0.0.1
[03:42:49] [modloading-worker-0/INFO] - cold_sweat: 2.4-b06g
[03:42:49] [modloading-worker-0/INFO] - collective: 8.13
[03:42:49] [modloading-worker-0/INFO] - colorfulhearts: 10.5.9
[03:42:49] [modloading-worker-0/INFO] - combat_roll: 2.0.6+1.21.1
[03:42:49] [modloading-worker-0/INFO] - comforts: 9.0.5+1.21.1
[03:42:49] [modloading-worker-0/INFO] - commonnetworking: 1.0.21-1.21.1
[03:42:49] [modloading-worker-0/INFO] - conditional_mixin: 0.6.4
[03:42:49] [modloading-worker-0/INFO] - controlling: 19.0.5
[03:42:49] [modloading-worker-0/INFO] - coolrain: 1.0.1
[03:42:49] [modloading-worker-0/INFO] - copperagebackport: 0.1.4
[03:42:49] [modloading-worker-0/INFO] - copycats: 3.0.4+mc.1.21.1-neoforge
[03:42:49] [modloading-worker-0/INFO] - coroutil: 1.21.0-1.3.8
[03:42:49] [modloading-worker-0/INFO] - craftpresence: 2.7.1
[03:42:49] [modloading-worker-0/INFO] - crawl: 0.14.9
[03:42:49] [modloading-worker-0/INFO] - create: 6.0.9
[03:42:49] [modloading-worker-0/INFO] - create_cold_sweat: 1.1.2
[03:42:49] [modloading-worker-0/INFO] - createaddition: 1.5.10
[03:42:49] [modloading-worker-0/INFO] - createbigcannons: 5.11.2
[03:42:49] [modloading-worker-0/INFO] - creativecore: 2.13.36
[03:42:49] [modloading-worker-0/INFO] - creeperoverhaul: 4.0.6
[03:42:49] [modloading-worker-0/INFO] - cristellib: 3.0.3
[03:42:49] [modloading-worker-0/INFO] - curios: 9.5.1+1.21.1
[03:42:49] [modloading-worker-0/INFO] - darkpaintings: 21.1.7
[03:42:49] [modloading-worker-0/INFO] - deeperdarker: 1.3.4
[03:42:49] [modloading-worker-0/INFO] - dndecor: 2.1.0
[03:42:49] [modloading-worker-0/INFO] - dummmmmmy: 1.21-2.0.11
[03:42:49] [modloading-worker-0/INFO] - dungeonsdelight: 1.4.5
[03:42:49] [modloading-worker-0/INFO] - easyanvils: 21.1.0
[03:42:49] [modloading-worker-0/INFO] - easymagic: 21.1.4
[03:42:49] [modloading-worker-0/INFO] - ecologics: 2.3.3
[03:42:49] [modloading-worker-0/INFO] - elytraslot: 9.0.2+1.21.1
[03:42:49] [modloading-worker-0/INFO] - endermanoverhaul: 2.0.3
[03:42:49] [modloading-worker-0/INFO] - endrem: 6.0.2
[03:42:49] [modloading-worker-0/INFO] - ends_delight: 2.5.1+neoforge.1.21.1
[03:42:49] [modloading-worker-0/INFO] - entityculling: 1.10.0
[03:42:49] [modloading-worker-0/INFO] - expanded_combat: 3.3.12
[03:42:49] [modloading-worker-0/INFO] - explorerscompass: 1.21.1-3.0.3-neoforge
[03:42:49] [modloading-worker-0/INFO] - explosiveenhancement: 1.1.2
[03:42:49] [modloading-worker-0/INFO] - exposure: 1.9.16
[03:42:49] [modloading-worker-0/INFO] - extensibleenums: 21.1.1
[03:42:49] [modloading-worker-0/INFO] - fabric_api: 0.115.6+2.1.0+1.21.1
[03:42:49] [modloading-worker-0/INFO] - fabric_api_base: 0.4.42+d1308dedd1
[03:42:49] [modloading-worker-0/INFO] - fabric_api_lookup_api_v1: 1.6.70+c21168c319
[03:42:49] [modloading-worker-0/INFO] - fabric_biome_api_v1: 13.0.31+1e62d33c19
[03:42:49] [modloading-worker-0/INFO] - fabric_block_api_v1: 1.0.22+a6e994cd19
[03:42:49] [modloading-worker-0/INFO] - fabric_block_view_api_v2: 1.0.11+e9036fd419
[03:42:49] [modloading-worker-0/INFO] - fabric_blockrenderlayer_v1: 1.1.52+b089b4bd19
[03:42:49] [modloading-worker-0/INFO] - fabric_client_tags_api_v1: 1.1.15+e053909619
[03:42:49] [modloading-worker-0/INFO] - fabric_command_api_v2: 2.2.28+36d727be19
[03:42:49] [modloading-worker-0/INFO] - fabric_content_registries_v0: 8.0.18+0a0c14ff19
[03:42:49] [modloading-worker-0/INFO] - fabric_convention_tags_v1: 2.1.4+7f945d5b19
[03:42:49] [modloading-worker-0/INFO] - fabric_convention_tags_v2: 2.11.0+87e5848019
[03:42:49] [modloading-worker-0/INFO] - fabric_data_attachment_api_v1: 1.4.3+58235da019
[03:42:49] [modloading-worker-0/INFO] - fabric_data_generation_api_v1: 20.2.28+2d91a6db19
[03:42:49] [modloading-worker-0/INFO] - fabric_entity_events_v1: 1.7.0+1af6e62419
[03:42:49] [modloading-worker-0/INFO] - fabric_events_interaction_v0: 0.7.13+7b71cc1619
[03:42:49] [modloading-worker-0/INFO] - fabric_game_rule_api_v1: 1.0.53+36d727be19
[03:42:49] [modloading-worker-0/INFO] - fabric_gametest_api_v1: 2.0.5+29f188ce19
[03:42:49] [modloading-worker-0/INFO] - fabric_item_api_v1: 11.1.1+57cdfa8219
[03:42:49] [modloading-worker-0/INFO] - fabric_item_group_api_v1: 4.1.7+e324903319
[03:42:49] [modloading-worker-0/INFO] - fabric_key_binding_api_v1: 1.0.47+62cc7ce119
[03:42:49] [modloading-worker-0/INFO] - fabric_lifecycle_events_v1: 2.5.0+a2ee258a19
[03:42:49] [modloading-worker-0/INFO] - fabric_loot_api_v2: 3.0.15+a3ee712d19
[03:42:49] [modloading-worker-0/INFO] - fabric_loot_api_v3: 1.0.3+333dfad919
[03:42:49] [modloading-worker-0/INFO] - fabric_message_api_v1: 6.0.13+e053909619
[03:42:49] [modloading-worker-0/INFO] - fabric_model_loading_api_v1: 2.0.0+986ae77219
[03:42:49] [modloading-worker-0/INFO] - fabric_networking_api_v1: 4.3.0+4f690eb619
[03:42:49] [modloading-worker-0/INFO] - fabric_object_builder_api_v1: 15.2.1+cc242efd19
[03:42:49] [modloading-worker-0/INFO] - fabric_particles_v1: 4.0.2+824f924c19
[03:42:49] [modloading-worker-0/INFO] - fabric_recipe_api_v1: 5.0.14+59440bcc19
[03:42:49] [modloading-worker-0/INFO] - fabric_registry_sync_v0: 5.2.0+867470b919
[03:42:49] [modloading-worker-0/INFO] - fabric_renderer_api_v1: 3.4.0+acb05a3919
[03:42:49] [modloading-worker-0/INFO] - fabric_renderer_indigo: 1.7.0+acb05a3919
[03:42:49] [modloading-worker-0/INFO] - fabric_rendering_data_attachment_v1: 0.3.49+73761d2e19
[03:42:49] [modloading-worker-0/INFO] - fabric_rendering_fluids_v1: 3.1.6+857185bc19
[03:42:49] [modloading-worker-0/INFO] - fabric_rendering_v1: 5.0.5+077ba95f19
[03:42:49] [modloading-worker-0/INFO] - fabric_resource_conditions_api_v1: 4.3.0+5bdd099819
[03:42:49] [modloading-worker-0/INFO] - fabric_resource_loader_v0: 1.3.1+4ea8954419
[03:42:49] [modloading-worker-0/INFO] - fabric_screen_api_v1: 2.0.25+4228281319
[03:42:49] [modloading-worker-0/INFO] - fabric_screen_handler_api_v1: 1.3.88+8dbc56dd19
[03:42:49] [modloading-worker-0/INFO] - fabric_sound_api_v1: 1.0.23+10b84f8419
[03:42:49] [modloading-worker-0/INFO] - fabric_transfer_api_v1: 5.4.2+a25cb45619
[03:42:49] [modloading-worker-0/INFO] - fabric_transitive_access_wideners_v1: 6.2.0+6c854b6f19
[03:42:49] [modloading-worker-0/INFO] - fallingleaves: 2.5.1
[03:42:49] [modloading-worker-0/INFO] - fallingtree: 1.21.1.11
[03:42:49] [modloading-worker-0/INFO] - farmersdelight: 1.2.11
[03:42:49] [modloading-worker-0/INFO] - ferritecore: 7.0.3
[03:42:49] [modloading-worker-0/INFO] - flywheel: 1.0.6
[03:42:49] [modloading-worker-0/INFO] - forgeconfigapiport: 21.1.0
[03:42:49] [modloading-worker-0/INFO] - fxntstorage: 1.2.4
[03:42:49] [modloading-worker-0/INFO] - fzzy_config: 0.7.6+1.21+neoforge
[03:42:49] [modloading-worker-0/INFO] - galosphere: 1.5.3
[03:42:49] [modloading-worker-0/INFO] - geckolib: 4.8.4
[03:42:49] [modloading-worker-0/INFO] - geophilic: 3.4.6
[03:42:49] [modloading-worker-0/INFO] - glitchcore: 2.1.0.0
[03:42:49] [modloading-worker-0/INFO] - gravestone: 1.21.1-1.0.35
[03:42:49] [modloading-worker-0/INFO] - greenhouseconfig: 2.2.3+1.21.1
[03:42:49] [modloading-worker-0/INFO] - greenhouseconfig_night_config: 1.1.0
[03:42:49] [modloading-worker-0/INFO] - greenhouseconfig_toml: 1.1.0
[03:42:49] [modloading-worker-0/INFO] - guardvillagers: 2.4.7
[03:42:49] [modloading-worker-0/INFO] - handcrafted: 4.0.3
[03:42:49] [modloading-worker-0/INFO] - healingcampfire: 6.2
[03:42:49] [modloading-worker-0/INFO] - horseman: 1.5.9
[03:42:49] [modloading-worker-0/INFO] - hybrid_aquatic: 1.5.5
[03:42:49] [modloading-worker-0/INFO] - iceberg: 1.3.2
[03:42:49] [modloading-worker-0/INFO] - illagerinvasion: 21.1.6
[03:42:49] [modloading-worker-0/INFO] - immediatelyfast: 1.6.10+1.21.1
[03:42:49] [modloading-worker-0/INFO] - immersive_melodies: 0.6.2+1.21.1
[03:42:49] [modloading-worker-0/INFO] - immersive_paintings: 0.7.6
[03:42:49] [modloading-worker-0/INFO] - immersivelanterns: 1.0.6
[03:42:49] [modloading-worker-0/INFO] - immersivesnow: 1.4.0
[03:42:49] [modloading-worker-0/INFO] - improved_village_placement: 1.1.2
[03:42:49] [modloading-worker-0/INFO] - iris: 1.8.12-snapshot+mc1.21.1-local
[03:42:49] [modloading-worker-0/INFO] - jade: 15.10.5+neoforge
[03:42:49] [modloading-worker-0/INFO] - journeymap: 1.21.1-6.0.0-beta.60
[03:42:49] [modloading-worker-0/INFO] - journeymap_api: 2.0.0
[03:42:49] [modloading-worker-0/INFO] - kiwi: 15.8.3+neoforge
[03:42:49] [modloading-worker-0/INFO] - kotlinforforge: 5.11.0
[03:42:49] [modloading-worker-0/INFO] - kuma_api: 21.0.7
[03:42:49] [modloading-worker-0/INFO] - legendarytooltips: 1.5.5
[03:42:49] [modloading-worker-0/INFO] - lithostitched: 1.6.5
[03:42:49] [modloading-worker-0/INFO] - lodestone: 1.8.2
[03:42:49] [modloading-worker-0/INFO] - luminous_beasts: 1.2.6
[03:42:49] [modloading-worker-0/INFO] - luminous_butterflies: 1.2
[03:42:49] [modloading-worker-0/INFO] - luminous_monsters: 1.2.8
[03:42:49] [modloading-worker-0/INFO] - luminous_nether: 1.3.2
[03:42:49] [modloading-worker-0/INFO] - luminoustag: 1.1
[03:42:49] [modloading-worker-0/INFO] - luminousworld: 1.5.4
[03:42:49] [modloading-worker-0/INFO] - mcwbridges: 3.1.2
[03:42:49] [modloading-worker-0/INFO] - mcwdoors: 1.1.5
[03:42:49] [modloading-worker-0/INFO] - mcwfences: 1.2.1
[03:42:49] [modloading-worker-0/INFO] - mcwfurnitures: 3.4.1
[03:42:49] [modloading-worker-0/INFO] - mcwlights: 1.1.5
[03:42:49] [modloading-worker-0/INFO] - mcwpaintings: 1.1.0
[03:42:49] [modloading-worker-0/INFO] - mcwpaths: 1.1.1
[03:42:49] [modloading-worker-0/INFO] - mcwroofs: 2.3.2
[03:42:49] [modloading-worker-0/INFO] - mcwstairs: 1.0.2
[03:42:49] [modloading-worker-0/INFO] - mcwtrpdoors: 1.1.5
[03:42:49] [modloading-worker-0/INFO] - mcwwindows: 2.4.2
[03:42:49] [modloading-worker-0/INFO] - minecraft: 1.21.1
[03:42:49] [modloading-worker-0/INFO] - minersdelight: 1.4.2
[03:42:49] [modloading-worker-0/INFO] - modernfix: 5.26.1+mc1.21.1
[03:42:49] [modloading-worker-0/INFO] - moonlight: 1.21-2.29.26
[03:42:49] [modloading-worker-0/INFO] - mr_dungeons_andtaverns: 1-v4.4.4
[03:42:49] [modloading-worker-0/INFO] - mr_edf_remastered: 5.0-beta4
[03:42:49] [modloading-worker-0/INFO] - mr_lithosphere: 1.7
[03:42:49] [modloading-worker-0/INFO] - mr_lukis_ancientcities: 1-v1.2
[03:42:49] [modloading-worker-0/INFO] - mr_lukis_crazychambers: 1.0.3
[03:42:49] [modloading-worker-0/INFO] - mr_lukis_grandcapitals: 1.1.3
[03:42:49] [modloading-worker-0/INFO] - mr_lukis_strongholds: 1-v1.0
[03:42:49] [modloading-worker-0/INFO] - mr_lukis_woodlandmansions: 1-v1.0
[03:42:49] [modloading-worker-0/INFO] - mr_no_moreruinedportals: 1.0.1
[03:42:49] [modloading-worker-0/INFO] - mru: 1.0.19+LTS+1.21.1+neoforge
[03:42:49] [modloading-worker-0/INFO] - mutantmonsters: 21.1.1
[03:42:49] [modloading-worker-0/INFO] - mynethersdelight: 1.9
[03:42:49] [modloading-worker-0/INFO] - naturescompass: 1.21.1-3.0.2-neoforge
[03:42:49] [modloading-worker-0/INFO] - neoforge: 21.1.222
[03:42:49] [modloading-worker-0/INFO] - netherdepthsupgrade: 3.1.8
[03:42:49] [modloading-worker-0/INFO] - netherportalfix: 21.1.1
[03:42:49] [modloading-worker-0/INFO] - noisium: 2.3.0+mc1.21-1.21.1
[03:42:49] [modloading-worker-0/INFO] - overflowingbars: 21.1.1
[03:42:49] [modloading-worker-0/INFO] - owo: 0.12.15.5-beta.1+1.21
[03:42:49] [modloading-worker-0/INFO] - packetfixer: 3.3.1
[03:42:49] [modloading-worker-0/INFO] - particle_core: 0.3.3+1.21+neoforge
[03:42:49] [modloading-worker-0/INFO] - particlerain: 4.0.0-beta.9
[03:42:49] [modloading-worker-0/INFO] - particular: 1.1.7
[03:42:49] [modloading-worker-0/INFO] - pipeorgans: 0.8.2+1.21.1
[03:42:49] [modloading-worker-0/INFO] - platform: 1.3
[03:42:49] [modloading-worker-0/INFO] - playeranimator: 2.0.4+1.21.1
[03:42:49] [modloading-worker-0/INFO] - polymorph: 1.1.0+1.21.1
[03:42:49] [modloading-worker-0/INFO] - ponder: 1.0.81+mc1.21.1
[03:42:49] [modloading-worker-0/INFO] - prickle: 21.1.11
[03:42:49] [modloading-worker-0/INFO] - prism: 1.0.11
[03:42:49] [modloading-worker-0/INFO] - puzzleslib: 21.1.39
[03:42:49] [modloading-worker-0/INFO] - railways: 0.1.0+neoforge-mc1.21.1
[03:42:49] [modloading-worker-0/INFO] - resourcefulconfig: 3.0.11
[03:42:49] [modloading-worker-0/INFO] - resourcefullib: 3.0.12
[03:42:49] [modloading-worker-0/INFO] - ribbits: 1.21.1-NeoForge-4.1.6
[03:42:49] [modloading-worker-0/INFO] - ritchiesprojectilelib: 2.1.2
[03:42:49] [modloading-worker-0/INFO] - roughlyenoughitems: 16.0.799
[03:42:49] [modloading-worker-0/INFO] - runiclib: 5.0.6
[03:42:49] [modloading-worker-0/INFO] - searchables: 1.0.2
[03:42:49] [modloading-worker-0/INFO] - sereneseasons: 10.1.0.3
[03:42:49] [modloading-worker-0/INFO] - shieldexp: 1.3.6
[03:42:49] [modloading-worker-0/INFO] - simplehats: 0.4.0
[03:42:49] [modloading-worker-0/INFO] - skinlayers3d: 1.11.1
[03:42:49] [modloading-worker-0/INFO] - sliceanddice: 4.2.4
[03:42:49] [modloading-worker-0/INFO] - smallships: 2.0.0-b2.1
[03:42:49] [modloading-worker-0/INFO] - snowrealmagic: 12.2.1+neoforge
[03:42:49] [modloading-worker-0/INFO] - sodium: 0.6.13+mc1.21.1
[03:42:49] [modloading-worker-0/INFO] - sodium_extra: 0.6.0+mc1.21.1
[03:42:49] [modloading-worker-0/INFO] - sodiumdynamiclights: 1.0.9
[03:42:49] [modloading-worker-0/INFO] - sodiumleafculling: 1.0.1
[03:42:49] [modloading-worker-0/INFO] - sound_physics_remastered: 1.21.1-1.5.1
[03:42:49] [modloading-worker-0/INFO] - sounds: 2.4.22+lts
[03:42:49] [modloading-worker-0/INFO] - sparsestructures: 3.0
[03:42:49] [modloading-worker-0/INFO] - spectrelib: 0.17.2+1.21
[03:42:49] [modloading-worker-0/INFO] - spyglass_improvements: 1.5.7
[03:42:49] [modloading-worker-0/INFO] - subtle_effects: 1.14.1
[03:42:49] [modloading-worker-0/INFO] - supplementaries: 1.21-3.5.26
[03:42:49] [modloading-worker-0/INFO] - t_and_t: 1.13.7
[03:42:49] [modloading-worker-0/INFO] - tclayer: 0.1.12
[03:42:49] [modloading-worker-0/INFO] - terrablender: 4.1.0.8
[03:42:49] [modloading-worker-0/INFO] - tiny_config: 3.1.0
[03:42:49] [modloading-worker-0/INFO] - tinyskeletons: 21.1.0
[03:42:49] [modloading-worker-0/INFO] - toomanypaintings: 25.10.20-1.21-neoforge
[03:42:49] [modloading-worker-0/INFO] - trade_cycling: 1.21.1-1.0.18
[03:42:49] [modloading-worker-0/INFO] - transition: 1.0.17
[03:42:49] [modloading-worker-0/INFO] - trender: 1.0.12
[03:42:49] [modloading-worker-0/INFO] - txnilib: 1.0.24
[03:42:49] [modloading-worker-0/INFO] - unilib: 1.2.1
[03:42:49] [modloading-worker-0/INFO] - upgrade_aquatic: 7.0.1
[03:42:49] [modloading-worker-0/INFO] - vanillabackport: 1.1.6.3
[03:42:49] [modloading-worker-0/INFO] - visualworkbench: 21.1.1
[03:42:49] [modloading-worker-0/INFO] - voidtotem: 4.0.0
[03:42:49] [modloading-worker-0/INFO] - waterdripsound: 0.5.2
[03:42:49] [modloading-worker-0/INFO] - watut: 1.21.0-1.2.7
[03:42:49] [modloading-worker-0/INFO] - yet_another_config_lib_v3: 3.8.2+1.21.1-neoforge
[03:42:49] [modloading-worker-0/INFO] - yungsapi: 1.21.1-NeoForge-5.1.6
[03:42:49] [modloading-worker-0/INFO] ========================================
[03:42:49] [modloading-worker-0/INFO] [REI] Registered plugin provider DefaultPluginImpl [roughlyenoughitems] for REIServerPlugin
[03:42:49] [modloading-worker-0/INFO] [REI] Registered plugin provider DefaultPluginImpl [roughlyenoughitems] for REIPlugin
[03:42:49] [modloading-worker-0/INFO] [REI] Registered plugin provider DefaultRuntimePlugin [roughlyenoughitems] for REIServerPlugin
[03:42:49] [modloading-worker-0/INFO] [REI] Registered plugin provider DefaultRuntimePlugin [roughlyenoughitems] for REIPlugin
[03:43:25] [Worker-Main-2/DEBUG] [REI] Processed 0 tags in 27.09 μs for cold_sweat:item/insulator
[03:43:25] [Worker-Main-3/DEBUG] [REI] Processed 1 tags in 3.461 ms for minecraft:recipe_serializer
[03:43:25] [Worker-Main-1/DEBUG] [REI] Processed 2 tags in 22.11 μs for create:mounted_item_storage_type
[03:43:25] [Worker-Main-3/DEBUG] [REI] Processed 4 tags in 37.07 μs for minecraft:point_of_interest_type
[03:43:25] [Worker-Main-3/DEBUG] [REI] Processed 2 tags in 21.79 μs for create:contraption_type
[03:43:25] [Worker-Main-2/DEBUG] [REI] Processed 0 tags in 23.84 μs for minecraft:enchantment
[03:43:25] [Worker-Main-2/DEBUG] [REI] Processed 2 tags in 20.77 μs for minecraft:potion
[03:43:25] [Worker-Main-2/DEBUG] [REI] Processed 0 tags in 15.76 μs for minecraft:worldgen/template_pool
[03:43:25] [Worker-Main-2/DEBUG] [REI] Processed 0 tags in 8.612 μs for moonlight:soft_fluid
[03:43:25] [Worker-Main-2/DEBUG] [REI] Processed 0 tags in 11.09 μs for minecraft:painting_variant
[03:43:25] [Worker-Main-2/DEBUG] [REI] Processed 0 tags in 22.85 μs for minecraft:damage_type
[03:43:25] [Worker-Main-2/DEBUG] [REI] Processed 0 tags in 10.90 μs for minecraft:worldgen/structure_set
[03:43:25] [Worker-Main-3/DEBUG] [REI] Processed 127 tags in 769.9 μs for minecraft:entity_type
[03:43:25] [Worker-Main-2/DEBUG] [REI] Processed 5 tags in 27.48 μs for minecraft:mob_effect
[03:43:25] [Worker-Main-2/DEBUG] [REI] Processed 1 tags in 19.02 μs for minecraft:worldgen/biome_source
[03:43:25] [Worker-Main-3/DEBUG] [REI] Processed 42 tags in 90.15 μs for minecraft:fluid
[03:43:25] [Worker-Main-2/DEBUG] [REI] Processed 0 tags in 5.570 μs for minecraft:worldgen/flat_level_generator_preset
[03:43:25] [Worker-Main-3/DEBUG] [REI] Processed 2 tags in 38.21 μs for minecraft:cat_variant
[03:43:25] [Worker-Main-2/DEBUG] [REI] Processed 0 tags in 6.370 μs for minecraft:trim_material
[03:43:25] [Worker-Main-2/DEBUG] [REI] Processed 4 tags in 17.65 μs for minecraft:instrument
[03:43:25] [Worker-Main-2/DEBUG] [REI] Processed 7 tags in 81.80 μs for minecraft:game_event
[03:43:25] [Worker-Main-2/DEBUG] [REI] Processed 0 tags in 6.591 μs for minecraft:worldgen/processor_list
[03:43:25] [Worker-Main-3/DEBUG] [REI] Processed 0 tags in 21.76 μs for minecraft:worldgen/structure
[03:43:25] [Worker-Main-1/DEBUG] [REI] Processed 0 tags in 77.38 μs for minecraft:worldgen/biome
[03:43:25] [Worker-Main-1/DEBUG] [REI] Processed 0 tags in 34.38 μs for minecraft:dimension_type
[03:43:25] [Worker-Main-1/DEBUG] [REI] Processed 0 tags in 4.641 μs for minecraft:worldgen/world_preset
[03:43:25] [Worker-Main-1/DEBUG] [REI] Processed 0 tags in 3.761 μs for minecraft:banner_pattern
[03:43:25] [Worker-Main-2/DEBUG] [REI] Processed 784 tags in 6.116 ms for minecraft:block
[03:43:26] [Worker-Main-3/DEBUG] [REI] Processed 1111 tags in 4.196 ms for minecraft:item
[03:43:40] [main/DEBUG] [REI] Starting Reload Plugins of stage null
java.lang.Throwable
	at TRANSFORMER/roughlyenoughitems@16.0.799/me.shedaniel.rei.impl.common.plugins.ReloadManagerImpl.reloadPlugins(ReloadManagerImpl.java:110)
	at TRANSFORMER/roughlyenoughitems@16.0.799/me.shedaniel.rei.RoughlyEnoughItemsCore.lambda$onInitialize$5(RoughlyEnoughItemsCore.java:163)
	at java.base/java.util.concurrent.CompletableFuture$UniRun.tryFire(Unknown Source)
	at java.base/java.util.concurrent.CompletableFuture$Completion.run(Unknown Source)
	at TRANSFORMER/minecraft@1.21.1/net.minecraft.server.packs.resources.SimpleReloadInstance.lambda$new$3(SimpleReloadInstance.java:69)
	at TRANSFORMER/minecraft@1.21.1/net.minecraft.Util.blockUntilDone(Util.java:872)
	at TRANSFORMER/minecraft@1.21.1/net.minecraft.Util.blockUntilDone(Util.java:861)
	at TRANSFORMER/minecraft@1.21.1/net.minecraft.server.Main.main(Main.java:204)
	at java.base/jdk.internal.reflect.DirectMethodHandleAccessor.invoke(Unknown Source)
	at java.base/java.lang.reflect.Method.invoke(Unknown Source)
	at MC-BOOTSTRAP/fml_loader@4.0.42/net.neoforged.fml.loading.targets.CommonLaunchHandler.runTarget(CommonLaunchHandler.java:136)
	at MC-BOOTSTRAP/fml_loader@4.0.42/net.neoforged.fml.loading.targets.CommonLaunchHandler.serverService(CommonLaunchHandler.java:128)
	at MC-BOOTSTRAP/fml_loader@4.0.42/net.neoforged.fml.loading.targets.CommonServerLaunchHandler.runService(CommonServerLaunchHandler.java:32)
	at MC-BOOTSTRAP/fml_loader@4.0.42/net.neoforged.fml.loading.targets.CommonLaunchHandler.lambda$launchService$4(CommonLaunchHandler.java:118)
	at MC-BOOTSTRAP/cpw.mods.modlauncher@11.0.5/cpw.mods.modlauncher.LaunchServiceHandlerDecorator.launch(LaunchServiceHandlerDecorator.java:30)
	at MC-BOOTSTRAP/cpw.mods.modlauncher@11.0.5/cpw.mods.modlauncher.LaunchServiceHandler.launch(LaunchServiceHandler.java:53)
	at MC-BOOTSTRAP/cpw.mods.modlauncher@11.0.5/cpw.mods.modlauncher.LaunchServiceHandler.launch(LaunchServiceHandler.java:71)
	at MC-BOOTSTRAP/cpw.mods.modlauncher@11.0.5/cpw.mods.modlauncher.Launcher.run(Launcher.java:103)
	at MC-BOOTSTRAP/cpw.mods.modlauncher@11.0.5/cpw.mods.modlauncher.Launcher.main(Launcher.java:74)
	at MC-BOOTSTRAP/cpw.mods.modlauncher@11.0.5/cpw.mods.modlauncher.BootstrapLaunchConsumer.accept(BootstrapLaunchConsumer.java:26)
	at MC-BOOTSTRAP/cpw.mods.modlauncher@11.0.5/cpw.mods.modlauncher.BootstrapLaunchConsumer.accept(BootstrapLaunchConsumer.java:23)
	at cpw.mods.bootstraplauncher@2.0.2/cpw.mods.bootstraplauncher.BootstrapLauncher.run(BootstrapLauncher.java:210)
	at cpw.mods.bootstraplauncher@2.0.2/cpw.mods.bootstraplauncher.BootstrapLauncher.main(BootstrapLauncher.java:69)
[03:43:40] [main/DEBUG] [REI] ========================================
[03:43:40] [main/DEBUG] [REI] REIPlugin starting pre-reload for START.
[03:43:40] [main/DEBUG] [REI] Reloadables (7):
[03:43:40] [main/DEBUG] [REI]  - EntryTypeRegistryImpl
[03:43:40] [main/DEBUG] [REI]  - EntrySettingsAdapterRegistryImpl
[03:43:40] [main/DEBUG] [REI]  - RecipeManagerContextImpl
[03:43:40] [main/DEBUG] [REI]  - ItemComparatorRegistryImpl
[03:43:40] [main/DEBUG] [REI]  - FluidComparatorRegistryImpl
[03:43:40] [main/DEBUG] [REI]  - DisplaySerializerRegistryImpl
[03:43:40] [main/DEBUG] [REI]  - FluidSupportProviderImpl
[03:43:40] [main/DEBUG] [REI] Plugins (2):
[03:43:40] [main/DEBUG] [REI]  - (-100.00) DefaultPluginImpl of DefaultPluginImpl [roughlyenoughitems]
[03:43:40] [main/DEBUG] [REI]  - (0.00) DefaultRuntimePlugin of DefaultRuntimePlugin [roughlyenoughitems]
[03:43:40] [main/DEBUG] [REI] ========================================
[03:43:40] [main/TRACE] [REI] [REIPlugin START] Reloading Section: "pre-register/"
[03:43:40] [main/TRACE] [REI] [REIPlugin START] Reloading Section: "pre-register/DefaultPluginImpl of DefaultPluginImpl [roughlyenoughitems]/"
[03:43:40] [main/TRACE] [REI] [REIPlugin START] Reloading Section: "pre-register/DefaultPluginImpl of DefaultPluginImpl [roughlyenoughitems]/" done in 1.081 ms
[03:43:40] [main/TRACE] [REI] [REIPlugin START] Reloading Section: "pre-register/DefaultRuntimePlugin of DefaultRuntimePlugin [roughlyenoughitems]/"
[03:43:40] [main/TRACE] [REI] [REIPlugin START] Reloading Section: "pre-register/DefaultRuntimePlugin of DefaultRuntimePlugin [roughlyenoughitems]/" done in 196.9 μs
[03:43:40] [main/TRACE] [REI] [REIPlugin START] Reloading Section: "pre-register/" done in 16.00 ms
[03:43:40] [main/TRACE] [REI] [REIPlugin START] Reloading Section: "pre-stage/"
[03:43:40] [main/TRACE] [REI] [REIPlugin START] Reloading Section: "pre-stage/EntryTypeRegistryImpl/"
[03:43:40] [main/TRACE] [REI] [REIPlugin START] Reloading Section: "pre-stage/EntryTypeRegistryImpl/" done in 372.9 μs
[03:43:40] [main/TRACE] [REI] [REIPlugin START] Reloading Section: "pre-stage/EntrySettingsAdapterRegistryImpl/"
[03:43:40] [main/TRACE] [REI] [REIPlugin START] Reloading Section: "pre-stage/EntrySettingsAdapterRegistryImpl/" done in 224.6 μs
[03:43:40] [main/TRACE] [REI] [REIPlugin START] Reloading Section: "pre-stage/RecipeManagerContextImpl/"
[03:43:40] [main/TRACE] [REI] [REIPlugin START] Reloading Section: "pre-stage/RecipeManagerContextImpl/" done in 210.9 μs
[03:43:40] [main/TRACE] [REI] [REIPlugin START] Reloading Section: "pre-stage/ItemComparatorRegistryImpl/"
[03:43:40] [main/TRACE] [REI] [REIPlugin START] Reloading Section: "pre-stage/ItemComparatorRegistryImpl/" done in 170.6 μs
[03:43:40] [main/TRACE] [REI] [REIPlugin START] Reloading Section: "pre-stage/FluidComparatorRegistryImpl/"
[03:43:40] [main/TRACE] [REI] [REIPlugin START] Reloading Section: "pre-stage/FluidComparatorRegistryImpl/" done in 168.8 μs
[03:43:40] [main/TRACE] [REI] [REIPlugin START] Reloading Section: "pre-stage/DisplaySerializerRegistryImpl/"
[03:43:40] [main/TRACE] [REI] [REIPlugin START] Reloading Section: "pre-stage/DisplaySerializerRegistryImpl/" done in 168.1 μs
[03:43:40] [main/TRACE] [REI] [REIPlugin START] Reloading Section: "pre-stage/FluidSupportProviderImpl/"
[03:43:40] [main/TRACE] [REI] [REIPlugin START] Reloading Section: "pre-stage/FluidSupportProviderImpl/" done in 168.5 μs
[03:43:40] [main/TRACE] [REI] [REIPlugin START] Reloading Section: "pre-stage/" done in 3.140 ms
[03:43:40] [main/DEBUG] [REI] ========================================
[03:43:40] [main/DEBUG] [REI] REIPlugin finished pre-reload for START in 20.21 ms.
[03:43:40] [main/DEBUG] [REI] ========================================
[03:43:40] [main/DEBUG] [REI] ========================================
[03:43:40] [main/DEBUG] [REI] REIServerPlugin starting pre-reload for START.
[03:43:40] [main/DEBUG] [REI] Reloadables (2):
[03:43:40] [main/DEBUG] [REI]  - MenuInfoRegistryImpl
[03:43:40] [main/DEBUG] [REI]  - SlotAccessorRegistryImpl
[03:43:40] [main/DEBUG] [REI] Plugins (2):
[03:43:40] [main/DEBUG] [REI]  - (-100.00) DefaultPluginImpl of DefaultPluginImpl [roughlyenoughitems]
[03:43:40] [main/DEBUG] [REI]  - (0.00) DefaultRuntimePlugin of DefaultRuntimePlugin [roughlyenoughitems]
[03:43:40] [main/DEBUG] [REI] ========================================
[03:43:40] [main/TRACE] [REI] [REIServerPlugin START] Reloading Section: "pre-register/"
[03:43:40] [main/TRACE] [REI] [REIServerPlugin START] Reloading Section: "pre-register/DefaultPluginImpl of DefaultPluginImpl [roughlyenoughitems]/"
[03:43:40] [main/TRACE] [REI] [REIServerPlugin START] Reloading Section: "pre-register/DefaultPluginImpl of DefaultPluginImpl [roughlyenoughitems]/" done in 608.2 μs
[03:43:40] [main/TRACE] [REI] [REIServerPlugin START] Reloading Section: "pre-register/DefaultRuntimePlugin of DefaultRuntimePlugin [roughlyenoughitems]/"
[03:43:40] [main/TRACE] [REI] [REIServerPlugin START] Reloading Section: "pre-register/DefaultRuntimePlugin of DefaultRuntimePlugin [roughlyenoughitems]/" done in 174.1 μs
[03:43:40] [main/TRACE] [REI] [REIServerPlugin START] Reloading Section: "pre-register/" done in 1.442 ms
[03:43:40] [main/TRACE] [REI] [REIServerPlugin START] Reloading Section: "pre-stage/"
[03:43:40] [main/TRACE] [REI] [REIServerPlugin START] Reloading Section: "pre-stage/MenuInfoRegistryImpl/"
[03:43:40] [main/TRACE] [REI] [REIServerPlugin START] Reloading Section: "pre-stage/MenuInfoRegistryImpl/" done in 170.3 μs
[03:43:40] [main/TRACE] [REI] [REIServerPlugin START] Reloading Section: "pre-stage/SlotAccessorRegistryImpl/"
[03:43:40] [main/TRACE] [REI] [REIServerPlugin START] Reloading Section: "pre-stage/SlotAccessorRegistryImpl/" done in 170.7 μs
[03:43:40] [main/TRACE] [REI] [REIServerPlugin START] Reloading Section: "pre-stage/" done in 1.677 ms
[03:43:40] [main/DEBUG] [REI] ========================================
[03:43:40] [main/DEBUG] [REI] REIServerPlugin finished pre-reload for START in 3.506 ms.
[03:43:40] [main/DEBUG] [REI] ========================================
[03:43:40] [main/INFO] [REI] ----------------------------------------
[03:43:40] [main/INFO] [REI] REIPlugin starting main-reload for START.
[03:43:40] [main/DEBUG] [REI] Reloadables (7):
[03:43:40] [main/DEBUG] [REI]  - EntryTypeRegistryImpl
[03:43:40] [main/DEBUG] [REI]  - EntrySettingsAdapterRegistryImpl
[03:43:40] [main/DEBUG] [REI]  - RecipeManagerContextImpl
[03:43:40] [main/DEBUG] [REI]  - ItemComparatorRegistryImpl
[03:43:40] [main/DEBUG] [REI]  - FluidComparatorRegistryImpl
[03:43:40] [main/DEBUG] [REI]  - DisplaySerializerRegistryImpl
[03:43:40] [main/DEBUG] [REI]  - FluidSupportProviderImpl
[03:43:40] [main/INFO] [REI] Plugins (2):
[03:43:40] [main/INFO] [REI]  - (-100.00) DefaultPluginImpl of DefaultPluginImpl [roughlyenoughitems]
[03:43:40] [main/INFO] [REI]  - (0.00) DefaultRuntimePlugin of DefaultRuntimePlugin [roughlyenoughitems]
[03:43:40] [main/INFO] [REI] ----------------------------------------
[03:43:40] [main/TRACE] [REI] [REIPlugin START] Reloading Section: "start-reload/"
[03:43:40] [main/TRACE] [REI] [REIPlugin START] Reloading Section: "start-reload/EntryTypeRegistryImpl/"
[03:43:40] [main/TRACE] [REI] [REIPlugin START] Reloading Section: "start-reload/EntryTypeRegistryImpl/" done in 272.2 μs
[03:43:40] [main/TRACE] [REI] [REIPlugin START] Reloading Section: "start-reload/EntrySettingsAdapterRegistryImpl/"
[03:43:40] [main/TRACE] [REI] [REIPlugin START] Reloading Section: "start-reload/EntrySettingsAdapterRegistryImpl/" done in 418.7 μs
[03:43:40] [main/TRACE] [REI] [REIPlugin START] Reloading Section: "start-reload/RecipeManagerContextImpl/"
[03:43:40] [main/TRACE] [REI] [REIPlugin START] Reloading Section: "start-reload/RecipeManagerContextImpl/" done in 244.8 μs
[03:43:40] [main/TRACE] [REI] [REIPlugin START] Reloading Section: "start-reload/ItemComparatorRegistryImpl/"
[03:43:40] [main/TRACE] [REI] [REIPlugin START] Reloading Section: "start-reload/ItemComparatorRegistryImpl/" done in 194.8 μs
[03:43:40] [main/TRACE] [REI] [REIPlugin START] Reloading Section: "start-reload/FluidComparatorRegistryImpl/"
[03:43:40] [main/TRACE] [REI] [REIPlugin START] Reloading Section: "start-reload/FluidComparatorRegistryImpl/" done in 202.4 μs
[03:43:40] [main/TRACE] [REI] [REIPlugin START] Reloading Section: "start-reload/DisplaySerializerRegistryImpl/"
[03:43:40] [main/TRACE] [REI] [REIPlugin START] Reloading Section: "start-reload/DisplaySerializerRegistryImpl/" done in 198.2 μs
[03:43:40] [main/TRACE] [REI] [REIPlugin START] Reloading Section: "start-reload/FluidSupportProviderImpl/"
[03:43:40] [main/TRACE] [REI] [REIPlugin START] Reloading Section: "start-reload/FluidSupportProviderImpl/" done in 220.6 μs
[03:43:40] [main/TRACE] [REI] [REIPlugin START] Reloading Section: "start-reload/" done in 4.606 ms
[03:43:40] [main/DEBUG] [REI] ========================================
[03:43:40] [main/DEBUG] [REI] REIPlugin started main-reload for START.
[03:43:40] [main/DEBUG] [REI] ========================================
[03:43:40] [main/TRACE] [REI] [REIPlugin START] Reloading Section: "reloadable-plugin/EntryTypeRegistryImpl/"
[03:43:40] [main/TRACE] [REI] [REIPlugin START] Reloading Section: "reloadable-plugin/EntryTypeRegistryImpl/DefaultPluginImpl of DefaultPluginImpl [roughlyenoughitems]/"
[03:43:40] [main/TRACE] [REI] [REIPlugin START] Reloading Section: "reloadable-plugin/EntryTypeRegistryImpl/DefaultPluginImpl of DefaultPluginImpl [roughlyenoughitems]/" done in 341.8 μs
[03:43:40] [main/TRACE] [REI] [REIPlugin START] Reloading Section: "reloadable-plugin/EntryTypeRegistryImpl/DefaultRuntimePlugin of DefaultRuntimePlugin [roughlyenoughitems]/"
[03:43:40] [main/TRACE] [REI] [REIPlugin START] Reloading Section: "reloadable-plugin/EntryTypeRegistryImpl/DefaultRuntimePlugin of DefaultRuntimePlugin [roughlyenoughitems]/" done in 6.554 ms
[03:43:40] [main/TRACE] [REI] [REIPlugin START] Reloading Section: "reloadable-plugin/EntryTypeRegistryImpl/" done in 8.070 ms
[03:43:40] [main/TRACE] [REI] [REIPlugin START] Reloading Section: "reloadable-plugin/EntrySettingsAdapterRegistryImpl/"
[03:43:40] [main/TRACE] [REI] [REIPlugin START] Reloading Section: "reloadable-plugin/EntrySettingsAdapterRegistryImpl/DefaultPluginImpl of DefaultPluginImpl [roughlyenoughitems]/"
[03:43:40] [main/TRACE] [REI] [REIPlugin START] Reloading Section: "reloadable-plugin/EntrySettingsAdapterRegistryImpl/DefaultPluginImpl of DefaultPluginImpl [roughlyenoughitems]/" done in 176.5 μs
[03:43:40] [main/TRACE] [REI] [REIPlugin START] Reloading Section: "reloadable-plugin/EntrySettingsAdapterRegistryImpl/DefaultRuntimePlugin of DefaultRuntimePlugin [roughlyenoughitems]/"
[03:43:40] [main/TRACE] [REI] [REIPlugin START] Reloading Section: "reloadable-plugin/EntrySettingsAdapterRegistryImpl/DefaultRuntimePlugin of DefaultRuntimePlugin [roughlyenoughitems]/" done in 172.2 μs
[03:43:40] [main/TRACE] [REI] [REIPlugin START] Reloading Section: "reloadable-plugin/EntrySettingsAdapterRegistryImpl/" done in 933.4 μs
[03:43:40] [main/TRACE] [REI] [REIPlugin START] Reloading Section: "reloadable-plugin/RecipeManagerContextImpl/"
[03:43:40] [main/TRACE] [REI] [REIPlugin START] Reloading Section: "reloadable-plugin/RecipeManagerContextImpl/DefaultPluginImpl of DefaultPluginImpl [roughlyenoughitems]/"
[03:43:40] [main/TRACE] [REI] [REIPlugin START] Reloading Section: "reloadable-plugin/RecipeManagerContextImpl/DefaultPluginImpl of DefaultPluginImpl [roughlyenoughitems]/" done in 171.3 μs
[03:43:40] [main/TRACE] [REI] [REIPlugin START] Reloading Section: "reloadable-plugin/RecipeManagerContextImpl/DefaultRuntimePlugin of DefaultRuntimePlugin [roughlyenoughitems]/"
[03:43:40] [main/TRACE] [REI] [REIPlugin START] Reloading Section: "reloadable-plugin/RecipeManagerContextImpl/DefaultRuntimePlugin of DefaultRuntimePlugin [roughlyenoughitems]/" done in 169.6 μs
[03:43:40] [main/TRACE] [REI] [REIPlugin START] Reloading Section: "reloadable-plugin/RecipeManagerContextImpl/" done in 898.8 μs
[03:43:40] [main/TRACE] [REI] [REIPlugin START] Reloading Section: "reloadable-plugin/ItemComparatorRegistryImpl/"
[03:43:40] [main/TRACE] [REI] [REIPlugin START] Reloading Section: "reloadable-plugin/ItemComparatorRegistryImpl/DefaultPluginImpl of DefaultPluginImpl [roughlyenoughitems]/"
[03:43:40] [main/TRACE] [REI] [REIPlugin START] Reloading Section: "reloadable-plugin/ItemComparatorRegistryImpl/DefaultPluginImpl of DefaultPluginImpl [roughlyenoughitems]/" done in 475.6 μs
[03:43:40] [main/TRACE] [REI] [REIPlugin START] Reloading Section: "reloadable-plugin/ItemComparatorRegistryImpl/DefaultRuntimePlugin of DefaultRuntimePlugin [roughlyenoughitems]/"
[03:43:40] [main/TRACE] [REI] [REIPlugin START] Reloading Section: "reloadable-plugin/ItemComparatorRegistryImpl/DefaultRuntimePlugin of DefaultRuntimePlugin [roughlyenoughitems]/" done in 172.0 μs
[03:43:40] [main/TRACE] [REI] [REIPlugin START] Reloading Section: "reloadable-plugin/ItemComparatorRegistryImpl/" done in 1.230 ms
[03:43:40] [main/TRACE] [REI] [REIPlugin START] Reloading Section: "reloadable-plugin/FluidComparatorRegistryImpl/"
[03:43:40] [main/TRACE] [REI] [REIPlugin START] Reloading Section: "reloadable-plugin/FluidComparatorRegistryImpl/DefaultPluginImpl of DefaultPluginImpl [roughlyenoughitems]/"
[03:43:40] [main/TRACE] [REI] [REIPlugin START] Reloading Section: "reloadable-plugin/FluidComparatorRegistryImpl/DefaultPluginImpl of DefaultPluginImpl [roughlyenoughitems]/" done in 202.5 μs
[03:43:40] [main/TRACE] [REI] [REIPlugin START] Reloading Section: "reloadable-plugin/FluidComparatorRegistryImpl/DefaultRuntimePlugin of DefaultRuntimePlugin [roughlyenoughitems]/"
[03:43:40] [main/TRACE] [REI] [REIPlugin START] Reloading Section: "reloadable-plugin/FluidComparatorRegistryImpl/DefaultRuntimePlugin of DefaultRuntimePlugin [roughlyenoughitems]/" done in 169.9 μs
[03:43:40] [main/TRACE] [REI] [REIPlugin START] Reloading Section: "reloadable-plugin/FluidComparatorRegistryImpl/" done in 988.0 μs
[03:43:40] [main/TRACE] [REI] [REIPlugin START] Reloading Section: "reloadable-plugin/DisplaySerializerRegistryImpl/"
[03:43:40] [main/TRACE] [REI] [REIPlugin START] Reloading Section: "reloadable-plugin/DisplaySerializerRegistryImpl/DefaultPluginImpl of DefaultPluginImpl [roughlyenoughitems]/"
[03:43:40] [main/TRACE] [REI] [REIPlugin START] Reloading Section: "reloadable-plugin/DisplaySerializerRegistryImpl/DefaultPluginImpl of DefaultPluginImpl [roughlyenoughitems]/" done in 170.2 μs
[03:43:40] [main/TRACE] [REI] [REIPlugin START] Reloading Section: "reloadable-plugin/DisplaySerializerRegistryImpl/DefaultRuntimePlugin of DefaultRuntimePlugin [roughlyenoughitems]/"
[03:43:40] [main/TRACE] [REI] [REIPlugin START] Reloading Section: "reloadable-plugin/DisplaySerializerRegistryImpl/DefaultRuntimePlugin of DefaultRuntimePlugin [roughlyenoughitems]/" done in 194.5 μs
[03:43:40] [main/TRACE] [REI] [REIPlugin START] Reloading Section: "reloadable-plugin/DisplaySerializerRegistryImpl/" done in 964.2 μs
[03:43:40] [main/TRACE] [REI] [REIPlugin START] Reloading Section: "reloadable-plugin/FluidSupportProviderImpl/"
[03:43:40] [main/TRACE] [REI] [REIPlugin START] Reloading Section: "reloadable-plugin/FluidSupportProviderImpl/DefaultPluginImpl of DefaultPluginImpl [roughlyenoughitems]/"
[03:43:40] [main/TRACE] [REI] [REIPlugin START] Reloading Section: "reloadable-plugin/FluidSupportProviderImpl/DefaultPluginImpl of DefaultPluginImpl [roughlyenoughitems]/" done in 834.6 μs
[03:43:40] [main/TRACE] [REI] [REIPlugin START] Reloading Section: "reloadable-plugin/FluidSupportProviderImpl/DefaultRuntimePlugin of DefaultRuntimePlugin [roughlyenoughitems]/"
[03:43:40] [main/TRACE] [REI] [REIPlugin START] Reloading Section: "reloadable-plugin/FluidSupportProviderImpl/DefaultRuntimePlugin of DefaultRuntimePlugin [roughlyenoughitems]/" done in 174.0 μs
[03:43:40] [main/TRACE] [REI] [REIPlugin START] Reloading Section: "reloadable-plugin/FluidSupportProviderImpl/" done in 1.667 ms
[03:43:40] [main/DEBUG] [REI] ========================================
[03:43:40] [main/DEBUG] [REI] REIPlugin ending main-reload for START.
[03:43:40] [main/DEBUG] [REI] ========================================
[03:43:40] [main/TRACE] [REI] [REIPlugin START] Reloading Section: "end-reload/"
[03:43:40] [main/TRACE] [REI] [REIPlugin START] Reloading Section: "end-reload/EntryTypeRegistryImpl/"
[03:43:40] [main/TRACE] [REI] [REIPlugin START] Reloading Section: "end-reload/EntryTypeRegistryImpl/" done in 173.5 μs
[03:43:40] [main/TRACE] [REI] [REIPlugin START] Reloading Section: "end-reload/EntrySettingsAdapterRegistryImpl/"
[03:43:40] [main/TRACE] [REI] [REIPlugin START] Reloading Section: "end-reload/EntrySettingsAdapterRegistryImpl/" done in 166.6 μs
[03:43:40] [main/TRACE] [REI] [REIPlugin START] Reloading Section: "end-reload/RecipeManagerContextImpl/"
[03:43:40] [main/TRACE] [REI] [REIPlugin START] Reloading Section: "end-reload/RecipeManagerContextImpl/" done in 174.0 μs
[03:43:40] [main/TRACE] [REI] [REIPlugin START] Reloading Section: "end-reload/ItemComparatorRegistryImpl/"
[03:43:40] [main/TRACE] [REI] [REIPlugin START] Reloading Section: "end-reload/ItemComparatorRegistryImpl/" done in 170.9 μs
[03:43:40] [main/TRACE] [REI] [REIPlugin START] Reloading Section: "end-reload/FluidComparatorRegistryImpl/"
[03:43:40] [main/TRACE] [REI] [REIPlugin START] Reloading Section: "end-reload/FluidComparatorRegistryImpl/" done in 167.8 μs
[03:43:40] [main/TRACE] [REI] [REIPlugin START] Reloading Section: "end-reload/DisplaySerializerRegistryImpl/"
[03:43:40] [main/TRACE] [REI] [REIPlugin START] Reloading Section: "end-reload/DisplaySerializerRegistryImpl/" done in 166.5 μs
[03:43:40] [main/TRACE] [REI] [REIPlugin START] Reloading Section: "end-reload/FluidSupportProviderImpl/"
[03:43:40] [main/TRACE] [REI] [REIPlugin START] Reloading Section: "end-reload/FluidSupportProviderImpl/" done in 183.7 μs
[03:43:40] [main/TRACE] [REI] [REIPlugin START] Reloading Section: "end-reload/" done in 2.815 ms
[03:43:40] [main/DEBUG] [REI] ========================================
[03:43:40] [main/DEBUG] [REI] REIPlugin ended main-reload for START in 33.25 ms.
[03:43:40] [main/DEBUG] [REI] ========================================
[03:43:40] [main/INFO] [REI] ++++++++++++++++++++++++++++++++++++++++
[03:43:40] [main/INFO] [REI] REIServerPlugin starting main-reload for START.
[03:43:40] [main/DEBUG] [REI] Reloadables (2):
[03:43:40] [main/DEBUG] [REI]  - MenuInfoRegistryImpl
[03:43:40] [main/DEBUG] [REI]  - SlotAccessorRegistryImpl
[03:43:40] [main/INFO] [REI] Plugins (2):
[03:43:40] [main/INFO] [REI]  - (-100.00) DefaultPluginImpl of DefaultPluginImpl [roughlyenoughitems]
[03:43:40] [main/INFO] [REI]  - (0.00) DefaultRuntimePlugin of DefaultRuntimePlugin [roughlyenoughitems]
[03:43:40] [main/INFO] [REI] ++++++++++++++++++++++++++++++++++++++++
[03:43:40] [main/TRACE] [REI] [REIServerPlugin START] Reloading Section: "start-reload/"
[03:43:40] [main/TRACE] [REI] [REIServerPlugin START] Reloading Section: "start-reload/MenuInfoRegistryImpl/"
[03:43:40] [main/TRACE] [REI] [REIServerPlugin START] Reloading Section: "start-reload/MenuInfoRegistryImpl/" done in 179.8 μs
[03:43:40] [main/TRACE] [REI] [REIServerPlugin START] Reloading Section: "start-reload/SlotAccessorRegistryImpl/"
[03:43:40] [main/TRACE] [REI] [REIServerPlugin START] Reloading Section: "start-reload/SlotAccessorRegistryImpl/" done in 169.5 μs
[03:43:40] [main/TRACE] [REI] [REIServerPlugin START] Reloading Section: "start-reload/" done in 972.8 μs
[03:43:40] [main/DEBUG] [REI] ========================================
[03:43:40] [main/DEBUG] [REI] REIServerPlugin started main-reload for START.
[03:43:40] [main/DEBUG] [REI] ========================================
[03:43:40] [main/TRACE] [REI] [REIServerPlugin START] Reloading Section: "reloadable-plugin/MenuInfoRegistryImpl/"
[03:43:40] [main/TRACE] [REI] [REIServerPlugin START] Reloading Section: "reloadable-plugin/MenuInfoRegistryImpl/DefaultPluginImpl of DefaultPluginImpl [roughlyenoughitems]/"
[03:43:40] [main/TRACE] [REI] [REIServerPlugin START] Reloading Section: "reloadable-plugin/MenuInfoRegistryImpl/DefaultPluginImpl of DefaultPluginImpl [roughlyenoughitems]/" done in 201.2 μs
[03:43:40] [main/TRACE] [REI] [REIServerPlugin START] Reloading Section: "reloadable-plugin/MenuInfoRegistryImpl/DefaultRuntimePlugin of DefaultRuntimePlugin [roughlyenoughitems]/"
[03:43:40] [main/TRACE] [REI] [REIServerPlugin START] Reloading Section: "reloadable-plugin/MenuInfoRegistryImpl/DefaultRuntimePlugin of DefaultRuntimePlugin [roughlyenoughitems]/" done in 167.8 μs
[03:43:40] [main/TRACE] [REI] [REIServerPlugin START] Reloading Section: "reloadable-plugin/MenuInfoRegistryImpl/" done in 956.0 μs
[03:43:40] [main/TRACE] [REI] [REIServerPlugin START] Reloading Section: "reloadable-plugin/SlotAccessorRegistryImpl/"
[03:43:40] [main/TRACE] [REI] [REIServerPlugin START] Reloading Section: "reloadable-plugin/SlotAccessorRegistryImpl/DefaultPluginImpl of DefaultPluginImpl [roughlyenoughitems]/"
[03:43:40] [main/TRACE] [REI] [REIServerPlugin START] Reloading Section: "reloadable-plugin/SlotAccessorRegistryImpl/DefaultPluginImpl of DefaultPluginImpl [roughlyenoughitems]/" done in 228.1 μs
[03:43:40] [main/TRACE] [REI] [REIServerPlugin START] Reloading Section: "reloadable-plugin/SlotAccessorRegistryImpl/DefaultRuntimePlugin of DefaultRuntimePlugin [roughlyenoughitems]/"
[03:43:40] [main/TRACE] [REI] [REIServerPlugin START] Reloading Section: "reloadable-plugin/SlotAccessorRegistryImpl/DefaultRuntimePlugin of DefaultRuntimePlugin [roughlyenoughitems]/" done in 169.7 μs
[03:43:40] [main/TRACE] [REI] [REIServerPlugin START] Reloading Section: "reloadable-plugin/SlotAccessorRegistryImpl/" done in 1.003 ms
[03:43:40] [main/DEBUG] [REI] ========================================
[03:43:40] [main/DEBUG] [REI] REIServerPlugin ending main-reload for START.
[03:43:40] [main/DEBUG] [REI] ========================================
[03:43:40] [main/TRACE] [REI] [REIServerPlugin START] Reloading Section: "end-reload/"
[03:43:40] [main/TRACE] [REI] [REIServerPlugin START] Reloading Section: "end-reload/MenuInfoRegistryImpl/"
[03:43:40] [main/TRACE] [REI] [REIServerPlugin START] Reloading Section: "end-reload/MenuInfoRegistryImpl/" done in 196.0 μs
[03:43:40] [main/TRACE] [REI] [REIServerPlugin START] Reloading Section: "end-reload/SlotAccessorRegistryImpl/"
[03:43:40] [main/TRACE] [REI] [REIServerPlugin START] Reloading Section: "end-reload/SlotAccessorRegistryImpl/" done in 176.0 μs
[03:43:40] [main/TRACE] [REI] [REIServerPlugin START] Reloading Section: "end-reload/" done in 971.9 μs
[03:43:40] [main/DEBUG] [REI] ========================================
[03:43:40] [main/DEBUG] [REI] REIServerPlugin ended main-reload for START in 11.61 ms.
[03:43:40] [main/DEBUG] [REI] ========================================
[03:43:40] [main/DEBUG] [REI] ========================================
[03:43:40] [main/DEBUG] [REI] REIPlugin starting post-reload for START.
[03:43:40] [main/DEBUG] [REI] Reloadables (7):
[03:43:40] [main/DEBUG] [REI]  - EntryTypeRegistryImpl
[03:43:40] [main/DEBUG] [REI]  - EntrySettingsAdapterRegistryImpl
[03:43:40] [main/DEBUG] [REI]  - RecipeManagerContextImpl
[03:43:40] [main/DEBUG] [REI]  - ItemComparatorRegistryImpl
[03:43:40] [main/DEBUG] [REI]  - FluidComparatorRegistryImpl
[03:43:40] [main/DEBUG] [REI]  - DisplaySerializerRegistryImpl
[03:43:40] [main/DEBUG] [REI]  - FluidSupportProviderImpl
[03:43:40] [main/DEBUG] [REI] Plugins (2):
[03:43:40] [main/DEBUG] [REI]  - (-100.00) DefaultPluginImpl of DefaultPluginImpl [roughlyenoughitems]
[03:43:40] [main/DEBUG] [REI]  - (0.00) DefaultRuntimePlugin of DefaultRuntimePlugin [roughlyenoughitems]
[03:43:40] [main/DEBUG] [REI] ========================================
[03:43:40] [main/TRACE] [REI] [REIPlugin START] Reloading Section: "post-register/"
[03:43:40] [main/TRACE] [REI] [REIPlugin START] Reloading Section: "post-register/DefaultPluginImpl of DefaultPluginImpl [roughlyenoughitems]/"
[03:43:40] [main/TRACE] [REI] [REIPlugin START] Reloading Section: "post-register/DefaultPluginImpl of DefaultPluginImpl [roughlyenoughitems]/" done in 298.3 μs
[03:43:40] [main/TRACE] [REI] [REIPlugin START] Reloading Section: "post-register/DefaultRuntimePlugin of DefaultRuntimePlugin [roughlyenoughitems]/"
[03:43:40] [main/TRACE] [REI] [REIPlugin START] Reloading Section: "post-register/DefaultRuntimePlugin of DefaultRuntimePlugin [roughlyenoughitems]/" done in 190.9 μs
[03:43:40] [main/TRACE] [REI] [REIPlugin START] Reloading Section: "post-register/" done in 1.336 ms
[03:43:40] [main/TRACE] [REI] [REIPlugin START] Reloading Section: "post-stage/"
[03:43:40] [main/TRACE] [REI] [REIPlugin START] Reloading Section: "post-stage/EntryTypeRegistryImpl/"
[03:43:40] [main/TRACE] [REI] [REIPlugin START] Reloading Section: "post-stage/EntryTypeRegistryImpl/" done in 171.0 μs
[03:43:40] [main/TRACE] [REI] [REIPlugin START] Reloading Section: "post-stage/EntrySettingsAdapterRegistryImpl/"
[03:43:40] [main/TRACE] [REI] [REIPlugin START] Reloading Section: "post-stage/EntrySettingsAdapterRegistryImpl/" done in 191.7 μs
[03:43:40] [main/TRACE] [REI] [REIPlugin START] Reloading Section: "post-stage/RecipeManagerContextImpl/"
[03:43:40] [main/TRACE] [REI] [REIPlugin START] Reloading Section: "post-stage/RecipeManagerContextImpl/" done in 168.6 μs
[03:43:40] [main/TRACE] [REI] [REIPlugin START] Reloading Section: "post-stage/ItemComparatorRegistryImpl/"
[03:43:40] [main/TRACE] [REI] [REIPlugin START] Reloading Section: "post-stage/ItemComparatorRegistryImpl/" done in 154.3 μs
[03:43:40] [main/TRACE] [REI] [REIPlugin START] Reloading Section: "post-stage/FluidComparatorRegistryImpl/"
[03:43:40] [main/TRACE] [REI] [REIPlugin START] Reloading Section: "post-stage/FluidComparatorRegistryImpl/" done in 161.5 μs
[03:43:40] [main/TRACE] [REI] [REIPlugin START] Reloading Section: "post-stage/DisplaySerializerRegistryImpl/"
[03:43:40] [main/TRACE] [REI] [REIPlugin START] Reloading Section: "post-stage/DisplaySerializerRegistryImpl/" done in 164.4 μs
[03:43:40] [main/TRACE] [REI] [REIPlugin START] Reloading Section: "post-stage/FluidSupportProviderImpl/"
[03:43:40] [main/TRACE] [REI] [REIPlugin START] Reloading Section: "post-stage/FluidSupportProviderImpl/" done in 161.1 μs
[03:43:40] [main/TRACE] [REI] [REIPlugin START] Reloading Section: "post-stage/" done in 2.842 ms
[03:43:40] [main/DEBUG] [REI] ========================================
[03:43:40] [main/INFO] [REI] REIPlugin finished post-reload for START in 4.664 ms, totaling 57.83 ms.
[03:43:40] [main/DEBUG] [REI] ========================================
[03:43:40] [main/DEBUG] [REI] ========================================
[03:43:40] [main/DEBUG] [REI] REIServerPlugin starting post-reload for START.
[03:43:40] [main/DEBUG] [REI] Reloadables (2):
[03:43:40] [main/DEBUG] [REI]  - MenuInfoRegistryImpl
[03:43:40] [main/DEBUG] [REI]  - SlotAccessorRegistryImpl
[03:43:40] [main/DEBUG] [REI] Plugins (2):
[03:43:40] [main/DEBUG] [REI]  - (-100.00) DefaultPluginImpl of DefaultPluginImpl [roughlyenoughitems]
[03:43:40] [main/DEBUG] [REI]  - (0.00) DefaultRuntimePlugin of DefaultRuntimePlugin [roughlyenoughitems]
[03:43:40] [main/DEBUG] [REI] ========================================
[03:43:40] [main/TRACE] [REI] [REIServerPlugin START] Reloading Section: "post-register/"
[03:43:40] [main/TRACE] [REI] [REIServerPlugin START] Reloading Section: "post-register/DefaultPluginImpl of DefaultPluginImpl [roughlyenoughitems]/"
[03:43:40] [main/TRACE] [REI] [REIServerPlugin START] Reloading Section: "post-register/DefaultPluginImpl of DefaultPluginImpl [roughlyenoughitems]/" done in 181.7 μs
[03:43:40] [main/TRACE] [REI] [REIServerPlugin START] Reloading Section: "post-register/DefaultRuntimePlugin of DefaultRuntimePlugin [roughlyenoughitems]/"
[03:43:40] [main/TRACE] [REI] [REIServerPlugin START] Reloading Section: "post-register/DefaultRuntimePlugin of DefaultRuntimePlugin [roughlyenoughitems]/" done in 180.0 μs
[03:43:40] [main/TRACE] [REI] [REIServerPlugin START] Reloading Section: "post-register/" done in 955.6 μs
[03:43:40] [main/TRACE] [REI] [REIServerPlugin START] Reloading Section: "post-stage/"
[03:43:40] [main/TRACE] [REI] [REIServerPlugin START] Reloading Section: "post-stage/MenuInfoRegistryImpl/"
[03:43:40] [main/TRACE] [REI] [REIServerPlugin START] Reloading Section: "post-stage/MenuInfoRegistryImpl/" done in 181.4 μs
[03:43:40] [main/TRACE] [REI] [REIServerPlugin START] Reloading Section: "post-stage/SlotAccessorRegistryImpl/"
[03:43:40] [main/TRACE] [REI] [REIServerPlugin START] Reloading Section: "post-stage/SlotAccessorRegistryImpl/" done in 164.0 μs
[03:43:40] [main/TRACE] [REI] [REIServerPlugin START] Reloading Section: "post-stage/" done in 876.1 μs
[03:43:40] [main/DEBUG] [REI] ========================================
[03:43:40] [main/INFO] [REI] REIServerPlugin finished post-reload for START in 2.176 ms, totaling 16.96 ms.
[03:43:40] [main/DEBUG] [REI] ========================================
[03:43:40] [main/DEBUG] [REI] ========================================
[03:43:40] [main/DEBUG] [REI] REIPlugin starting pre-reload for END.
[03:43:40] [main/DEBUG] [REI] Reloadables (7):
[03:43:40] [main/DEBUG] [REI]  - EntryTypeRegistryImpl
[03:43:40] [main/DEBUG] [REI]  - EntrySettingsAdapterRegistryImpl
[03:43:40] [main/DEBUG] [REI]  - RecipeManagerContextImpl
[03:43:40] [main/DEBUG] [REI]  - ItemComparatorRegistryImpl
[03:43:40] [main/DEBUG] [REI]  - FluidComparatorRegistryImpl
[03:43:40] [main/DEBUG] [REI]  - DisplaySerializerRegistryImpl
[03:43:40] [main/DEBUG] [REI]  - FluidSupportProviderImpl
[03:43:40] [main/DEBUG] [REI] Plugins (2):
[03:43:40] [main/DEBUG] [REI]  - (-100.00) DefaultPluginImpl of DefaultPluginImpl [roughlyenoughitems]
[03:43:40] [main/DEBUG] [REI]  - (0.00) DefaultRuntimePlugin of DefaultRuntimePlugin [roughlyenoughitems]
[03:43:40] [main/DEBUG] [REI] ========================================
[03:43:40] [main/TRACE] [REI] [REIPlugin END] Reloading Section: "pre-register/"
[03:43:40] [main/TRACE] [REI] [REIPlugin END] Reloading Section: "pre-register/DefaultPluginImpl of DefaultPluginImpl [roughlyenoughitems]/"
[03:43:40] [main/TRACE] [REI] [REIPlugin END] Reloading Section: "pre-register/DefaultPluginImpl of DefaultPluginImpl [roughlyenoughitems]/" done in 169.8 μs
[03:43:40] [main/TRACE] [REI] [REIPlugin END] Reloading Section: "pre-register/DefaultRuntimePlugin of DefaultRuntimePlugin [roughlyenoughitems]/"
[03:43:40] [main/TRACE] [REI] [REIPlugin END] Reloading Section: "pre-register/DefaultRuntimePlugin of DefaultRuntimePlugin [roughlyenoughitems]/" done in 161.8 μs
[03:43:40] [main/TRACE] [REI] [REIPlugin END] Reloading Section: "pre-register/" done in 887.3 μs
[03:43:40] [main/TRACE] [REI] [REIPlugin END] Reloading Section: "pre-stage/"
[03:43:40] [main/TRACE] [REI] [REIPlugin END] Reloading Section: "pre-stage/EntryTypeRegistryImpl/"
[03:43:40] [main/TRACE] [REI] [REIPlugin END] Reloading Section: "pre-stage/EntryTypeRegistryImpl/" done in 162.6 μs
[03:43:40] [main/TRACE] [REI] [REIPlugin END] Reloading Section: "pre-stage/EntrySettingsAdapterRegistryImpl/"
[03:43:40] [main/TRACE] [REI] [REIPlugin END] Reloading Section: "pre-stage/EntrySettingsAdapterRegistryImpl/" done in 157.1 μs
[03:43:40] [main/TRACE] [REI] [REIPlugin END] Reloading Section: "pre-stage/RecipeManagerContextImpl/"
[03:43:40] [main/TRACE] [REI] [REIPlugin END] Reloading Section: "pre-stage/RecipeManagerContextImpl/" done in 157.6 μs
[03:43:40] [main/TRACE] [REI] [REIPlugin END] Reloading Section: "pre-stage/ItemComparatorRegistryImpl/"
[03:43:40] [main/TRACE] [REI] [REIPlugin END] Reloading Section: "pre-stage/ItemComparatorRegistryImpl/" done in 161.2 μs
[03:43:40] [main/TRACE] [REI] [REIPlugin END] Reloading Section: "pre-stage/FluidComparatorRegistryImpl/"
[03:43:40] [main/TRACE] [REI] [REIPlugin END] Reloading Section: "pre-stage/FluidComparatorRegistryImpl/" done in 157.4 μs
[03:43:40] [main/TRACE] [REI] [REIPlugin END] Reloading Section: "pre-stage/DisplaySerializerRegistryImpl/"
[03:43:40] [main/TRACE] [REI] [REIPlugin END] Reloading Section: "pre-stage/DisplaySerializerRegistryImpl/" done in 157.6 μs
[03:43:40] [main/TRACE] [REI] [REIPlugin END] Reloading Section: "pre-stage/FluidSupportProviderImpl/"
[03:43:40] [main/TRACE] [REI] [REIPlugin END] Reloading Section: "pre-stage/FluidSupportProviderImpl/" done in 162.0 μs
[03:43:40] [main/TRACE] [REI] [REIPlugin END] Reloading Section: "pre-stage/" done in 2.611 ms
[03:43:40] [main/DEBUG] [REI] ========================================
[03:43:40] [main/DEBUG] [REI] REIPlugin finished pre-reload for END in 3.853 ms.
[03:43:40] [main/DEBUG] [REI] ========================================
[03:43:40] [main/DEBUG] [REI] ========================================
[03:43:40] [main/DEBUG] [REI] REIServerPlugin starting pre-reload for END.
[03:43:40] [main/DEBUG] [REI] Reloadables (2):
[03:43:40] [main/DEBUG] [REI]  - MenuInfoRegistryImpl
[03:43:40] [main/DEBUG] [REI]  - SlotAccessorRegistryImpl
[03:43:40] [main/DEBUG] [REI] Plugins (2):
[03:43:40] [main/DEBUG] [REI]  - (-100.00) DefaultPluginImpl of DefaultPluginImpl [roughlyenoughitems]
[03:43:40] [main/DEBUG] [REI]  - (0.00) DefaultRuntimePlugin of DefaultRuntimePlugin [roughlyenoughitems]
[03:43:40] [main/DEBUG] [REI] ========================================
[03:43:40] [main/TRACE] [REI] [REIServerPlugin END] Reloading Section: "pre-register/"
[03:43:40] [main/TRACE] [REI] [REIServerPlugin END] Reloading Section: "pre-register/DefaultPluginImpl of DefaultPluginImpl [roughlyenoughitems]/"
[03:43:40] [main/TRACE] [REI] [REIServerPlugin END] Reloading Section: "pre-register/DefaultPluginImpl of DefaultPluginImpl [roughlyenoughitems]/" done in 170.8 μs
[03:43:40] [main/TRACE] [REI] [REIServerPlugin END] Reloading Section: "pre-register/DefaultRuntimePlugin of DefaultRuntimePlugin [roughlyenoughitems]/"
[03:43:40] [main/TRACE] [REI] [REIServerPlugin END] Reloading Section: "pre-register/DefaultRuntimePlugin of DefaultRuntimePlugin [roughlyenoughitems]/" done in 165.0 μs
[03:43:40] [main/TRACE] [REI] [REIServerPlugin END] Reloading Section: "pre-register/" done in 962.9 μs
[03:43:40] [main/TRACE] [REI] [REIServerPlugin END] Reloading Section: "pre-stage/"
[03:43:40] [main/TRACE] [REI] [REIServerPlugin END] Reloading Section: "pre-stage/MenuInfoRegistryImpl/"
[03:43:40] [main/TRACE] [REI] [REIServerPlugin END] Reloading Section: "pre-stage/MenuInfoRegistryImpl/" done in 168.7 μs
[03:43:40] [main/TRACE] [REI] [REIServerPlugin END] Reloading Section: "pre-stage/SlotAccessorRegistryImpl/"
[03:43:40] [main/TRACE] [REI] [REIServerPlugin END] Reloading Section: "pre-stage/SlotAccessorRegistryImpl/" done in 158.3 μs
[03:43:40] [main/TRACE] [REI] [REIServerPlugin END] Reloading Section: "pre-stage/" done in 899.8 μs
[03:43:40] [main/DEBUG] [REI] ========================================
[03:43:40] [main/DEBUG] [REI] REIServerPlugin finished pre-reload for END in 2.238 ms.
[03:43:40] [main/DEBUG] [REI] ========================================
[03:43:40] [main/INFO] [REI] ----------------------------------------
[03:43:40] [main/INFO] [REI] REIPlugin starting main-reload for END.
[03:43:40] [main/DEBUG] [REI] Reloadables (7):
[03:43:40] [main/DEBUG] [REI]  - EntryTypeRegistryImpl
[03:43:40] [main/DEBUG] [REI]  - EntrySettingsAdapterRegistryImpl
[03:43:40] [main/DEBUG] [REI]  - RecipeManagerContextImpl
[03:43:40] [main/DEBUG] [REI]  - ItemComparatorRegistryImpl
[03:43:40] [main/DEBUG] [REI]  - FluidComparatorRegistryImpl
[03:43:40] [main/DEBUG] [REI]  - DisplaySerializerRegistryImpl
[03:43:40] [main/DEBUG] [REI]  - FluidSupportProviderImpl
[03:43:40] [main/INFO] [REI] Plugins (2):
[03:43:40] [main/INFO] [REI]  - (-100.00) DefaultPluginImpl of DefaultPluginImpl [roughlyenoughitems]
[03:43:40] [main/INFO] [REI]  - (0.00) DefaultRuntimePlugin of DefaultRuntimePlugin [roughlyenoughitems]
[03:43:40] [main/INFO] [REI] ----------------------------------------
[03:43:40] [main/TRACE] [REI] [REIPlugin END] Reloading Section: "start-reload/"
[03:43:40] [main/TRACE] [REI] [REIPlugin END] Reloading Section: "start-reload/EntryTypeRegistryImpl/"
[03:43:40] [main/TRACE] [REI] [REIPlugin END] Reloading Section: "start-reload/EntryTypeRegistryImpl/" done in 175.0 μs
[03:43:40] [main/TRACE] [REI] [REIPlugin END] Reloading Section: "start-reload/EntrySettingsAdapterRegistryImpl/"
[03:43:40] [main/TRACE] [REI] [REIPlugin END] Reloading Section: "start-reload/EntrySettingsAdapterRegistryImpl/" done in 164.9 μs
[03:43:40] [main/TRACE] [REI] [REIPlugin END] Reloading Section: "start-reload/RecipeManagerContextImpl/"
[03:43:40] [main/TRACE] [REI] [REIPlugin END] Reloading Section: "start-reload/RecipeManagerContextImpl/" done in 153.9 μs
[03:43:40] [main/TRACE] [REI] [REIPlugin END] Reloading Section: "start-reload/ItemComparatorRegistryImpl/"
[03:43:40] [main/TRACE] [REI] [REIPlugin END] Reloading Section: "start-reload/ItemComparatorRegistryImpl/" done in 131.5 μs
[03:43:40] [main/TRACE] [REI] [REIPlugin END] Reloading Section: "start-reload/FluidComparatorRegistryImpl/"
[03:43:40] [main/TRACE] [REI] [REIPlugin END] Reloading Section: "start-reload/FluidComparatorRegistryImpl/" done in 131.8 μs
[03:43:40] [main/TRACE] [REI] [REIPlugin END] Reloading Section: "start-reload/DisplaySerializerRegistryImpl/"
[03:43:40] [main/TRACE] [REI] [REIPlugin END] Reloading Section: "start-reload/DisplaySerializerRegistryImpl/" done in 165.1 μs
[03:43:40] [main/TRACE] [REI] [REIPlugin END] Reloading Section: "start-reload/FluidSupportProviderImpl/"
[03:43:40] [main/TRACE] [REI] [REIPlugin END] Reloading Section: "start-reload/FluidSupportProviderImpl/" done in 143.1 μs
[03:43:40] [main/TRACE] [REI] [REIPlugin END] Reloading Section: "start-reload/" done in 2.554 ms
[03:43:40] [main/DEBUG] [REI] ========================================
[03:43:40] [main/DEBUG] [REI] REIPlugin started main-reload for END.
[03:43:40] [main/DEBUG] [REI] ========================================
[03:43:40] [main/TRACE] [REI] [REIPlugin END] Reloading Section: "reloadable-plugin/EntryTypeRegistryImpl/"
[03:43:40] [main/TRACE] [REI] [REIPlugin END] Reloading Section: "reloadable-plugin/EntryTypeRegistryImpl/DefaultPluginImpl of DefaultPluginImpl [roughlyenoughitems]/"
[03:43:40] [main/TRACE] [REI] [REIPlugin END] Reloading Section: "reloadable-plugin/EntryTypeRegistryImpl/DefaultPluginImpl of DefaultPluginImpl [roughlyenoughitems]/" done in 134.1 μs
[03:43:40] [main/TRACE] [REI] [REIPlugin END] Reloading Section: "reloadable-plugin/EntryTypeRegistryImpl/DefaultRuntimePlugin of DefaultRuntimePlugin [roughlyenoughitems]/"
[03:43:40] [main/TRACE] [REI] [REIPlugin END] Reloading Section: "reloadable-plugin/EntryTypeRegistryImpl/DefaultRuntimePlugin of DefaultRuntimePlugin [roughlyenoughitems]/" done in 135.6 μs
[03:43:40] [main/TRACE] [REI] [REIPlugin END] Reloading Section: "reloadable-plugin/EntryTypeRegistryImpl/" done in 725.8 μs
[03:43:40] [main/TRACE] [REI] [REIPlugin END] Reloading Section: "reloadable-plugin/EntrySettingsAdapterRegistryImpl/"
[03:43:40] [main/TRACE] [REI] [REIPlugin END] Reloading Section: "reloadable-plugin/EntrySettingsAdapterRegistryImpl/DefaultPluginImpl of DefaultPluginImpl [roughlyenoughitems]/"
[03:43:40] [main/TRACE] [REI] [REIPlugin END] Reloading Section: "reloadable-plugin/EntrySettingsAdapterRegistryImpl/DefaultPluginImpl of DefaultPluginImpl [roughlyenoughitems]/" done in 150.9 μs
[03:43:40] [main/TRACE] [REI] [REIPlugin END] Reloading Section: "reloadable-plugin/EntrySettingsAdapterRegistryImpl/DefaultRuntimePlugin of DefaultRuntimePlugin [roughlyenoughitems]/"
[03:43:40] [main/TRACE] [REI] [REIPlugin END] Reloading Section: "reloadable-plugin/EntrySettingsAdapterRegistryImpl/DefaultRuntimePlugin of DefaultRuntimePlugin [roughlyenoughitems]/" done in 129.1 μs
[03:43:40] [main/TRACE] [REI] [REIPlugin END] Reloading Section: "reloadable-plugin/EntrySettingsAdapterRegistryImpl/" done in 743.9 μs
[03:43:40] [main/TRACE] [REI] [REIPlugin END] Reloading Section: "reloadable-plugin/RecipeManagerContextImpl/"
[03:43:40] [main/TRACE] [REI] [REIPlugin END] Reloading Section: "reloadable-plugin/RecipeManagerContextImpl/DefaultPluginImpl of DefaultPluginImpl [roughlyenoughitems]/"
[03:43:40] [main/TRACE] [REI] [REIPlugin END] Reloading Section: "reloadable-plugin/RecipeManagerContextImpl/DefaultPluginImpl of DefaultPluginImpl [roughlyenoughitems]/" done in 152.2 μs
[03:43:40] [main/TRACE] [REI] [REIPlugin END] Reloading Section: "reloadable-plugin/RecipeManagerContextImpl/DefaultRuntimePlugin of DefaultRuntimePlugin [roughlyenoughitems]/"
[03:43:40] [main/TRACE] [REI] [REIPlugin END] Reloading Section: "reloadable-plugin/RecipeManagerContextImpl/DefaultRuntimePlugin of DefaultRuntimePlugin [roughlyenoughitems]/" done in 127.1 μs
[03:43:40] [main/TRACE] [REI] [REIPlugin END] Reloading Section: "reloadable-plugin/RecipeManagerContextImpl/" done in 726.7 μs
[03:43:40] [main/TRACE] [REI] [REIPlugin END] Reloading Section: "reloadable-plugin/ItemComparatorRegistryImpl/"
[03:43:40] [main/TRACE] [REI] [REIPlugin END] Reloading Section: "reloadable-plugin/ItemComparatorRegistryImpl/DefaultPluginImpl of DefaultPluginImpl [roughlyenoughitems]/"
[03:43:40] [main/TRACE] [REI] [REIPlugin END] Reloading Section: "reloadable-plugin/ItemComparatorRegistryImpl/DefaultPluginImpl of DefaultPluginImpl [roughlyenoughitems]/" done in 119.3 μs
[03:43:40] [main/TRACE] [REI] [REIPlugin END] Reloading Section: "reloadable-plugin/ItemComparatorRegistryImpl/DefaultRuntimePlugin of DefaultRuntimePlugin [roughlyenoughitems]/"
[03:43:40] [main/TRACE] [REI] [REIPlugin END] Reloading Section: "reloadable-plugin/ItemComparatorRegistryImpl/DefaultRuntimePlugin of DefaultRuntimePlugin [roughlyenoughitems]/" done in 132.4 μs
[03:43:40] [main/TRACE] [REI] [REIPlugin END] Reloading Section: "reloadable-plugin/ItemComparatorRegistryImpl/" done in 704.6 μs
[03:43:40] [main/TRACE] [REI] [REIPlugin END] Reloading Section: "reloadable-plugin/FluidComparatorRegistryImpl/"
[03:43:40] [main/TRACE] [REI] [REIPlugin END] Reloading Section: "reloadable-plugin/FluidComparatorRegistryImpl/DefaultPluginImpl of DefaultPluginImpl [roughlyenoughitems]/"
[03:43:40] [main/TRACE] [REI] [REIPlugin END] Reloading Section: "reloadable-plugin/FluidComparatorRegistryImpl/DefaultPluginImpl of DefaultPluginImpl [roughlyenoughitems]/" done in 181.7 μs
[03:43:40] [main/TRACE] [REI] [REIPlugin END] Reloading Section: "reloadable-plugin/FluidComparatorRegistryImpl/DefaultRuntimePlugin of DefaultRuntimePlugin [roughlyenoughitems]/"
[03:43:40] [main/TRACE] [REI] [REIPlugin END] Reloading Section: "reloadable-plugin/FluidComparatorRegistryImpl/DefaultRuntimePlugin of DefaultRuntimePlugin [roughlyenoughitems]/" done in 160.3 μs
[03:43:40] [main/TRACE] [REI] [REIPlugin END] Reloading Section: "reloadable-plugin/FluidComparatorRegistryImpl/" done in 883.2 μs
[03:43:40] [main/TRACE] [REI] [REIPlugin END] Reloading Section: "reloadable-plugin/DisplaySerializerRegistryImpl/"
[03:43:40] [main/TRACE] [REI] [REIPlugin END] Reloading Section: "reloadable-plugin/DisplaySerializerRegistryImpl/DefaultPluginImpl of DefaultPluginImpl [roughlyenoughitems]/"
[03:43:40] [main/TRACE] [REI] [REIPlugin END] Reloading Section: "reloadable-plugin/DisplaySerializerRegistryImpl/DefaultPluginImpl of DefaultPluginImpl [roughlyenoughitems]/" done in 26.72 ms
[03:43:40] [main/TRACE] [REI] [REIPlugin END] Reloading Section: "reloadable-plugin/DisplaySerializerRegistryImpl/DefaultRuntimePlugin of DefaultRuntimePlugin [roughlyenoughitems]/"
[03:43:40] [main/TRACE] [REI] [REIPlugin END] Reloading Section: "reloadable-plugin/DisplaySerializerRegistryImpl/DefaultRuntimePlugin of DefaultRuntimePlugin [roughlyenoughitems]/" done in 215.3 μs
[03:43:40] [main/TRACE] [REI] [REIPlugin END] Reloading Section: "reloadable-plugin/DisplaySerializerRegistryImpl/" done in 27.63 ms
[03:43:40] [main/TRACE] [REI] [REIPlugin END] Reloading Section: "reloadable-plugin/FluidSupportProviderImpl/"
[03:43:40] [main/TRACE] [REI] [REIPlugin END] Reloading Section: "reloadable-plugin/FluidSupportProviderImpl/DefaultPluginImpl of DefaultPluginImpl [roughlyenoughitems]/"
[03:43:40] [main/TRACE] [REI] [REIPlugin END] Reloading Section: "reloadable-plugin/FluidSupportProviderImpl/DefaultPluginImpl of DefaultPluginImpl [roughlyenoughitems]/" done in 173.0 μs
[03:43:40] [main/TRACE] [REI] [REIPlugin END] Reloading Section: "reloadable-plugin/FluidSupportProviderImpl/DefaultRuntimePlugin of DefaultRuntimePlugin [roughlyenoughitems]/"
[03:43:40] [main/TRACE] [REI] [REIPlugin END] Reloading Section: "reloadable-plugin/FluidSupportProviderImpl/DefaultRuntimePlugin of DefaultRuntimePlugin [roughlyenoughitems]/" done in 252.6 μs
[03:43:40] [main/TRACE] [REI] [REIPlugin END] Reloading Section: "reloadable-plugin/FluidSupportProviderImpl/" done in 1.080 ms
[03:43:40] [main/DEBUG] [REI] ========================================
[03:43:40] [main/DEBUG] [REI] REIPlugin ending main-reload for END.
[03:43:40] [main/DEBUG] [REI] ========================================
[03:43:40] [main/TRACE] [REI] [REIPlugin END] Reloading Section: "end-reload/"
[03:43:40] [main/TRACE] [REI] [REIPlugin END] Reloading Section: "end-reload/EntryTypeRegistryImpl/"
[03:43:40] [main/TRACE] [REI] [REIPlugin END] Reloading Section: "end-reload/EntryTypeRegistryImpl/" done in 172.6 μs
[03:43:40] [main/TRACE] [REI] [REIPlugin END] Reloading Section: "end-reload/EntrySettingsAdapterRegistryImpl/"
[03:43:40] [main/TRACE] [REI] [REIPlugin END] Reloading Section: "end-reload/EntrySettingsAdapterRegistryImpl/" done in 166.2 μs
[03:43:40] [main/TRACE] [REI] [REIPlugin END] Reloading Section: "end-reload/RecipeManagerContextImpl/"
[03:43:40] [main/TRACE] [REI] [REIPlugin END] Reloading Section: "end-reload/RecipeManagerContextImpl/" done in 162.5 μs
[03:43:40] [main/TRACE] [REI] [REIPlugin END] Reloading Section: "end-reload/ItemComparatorRegistryImpl/"
[03:43:40] [main/TRACE] [REI] [REIPlugin END] Reloading Section: "end-reload/ItemComparatorRegistryImpl/" done in 158.0 μs
[03:43:40] [main/TRACE] [REI] [REIPlugin END] Reloading Section: "end-reload/FluidComparatorRegistryImpl/"
[03:43:40] [main/TRACE] [REI] [REIPlugin END] Reloading Section: "end-reload/FluidComparatorRegistryImpl/" done in 180.9 μs
[03:43:40] [main/TRACE] [REI] [REIPlugin END] Reloading Section: "end-reload/DisplaySerializerRegistryImpl/"
[03:43:40] [main/TRACE] [REI] [REIPlugin END] Reloading Section: "end-reload/DisplaySerializerRegistryImpl/" done in 168.3 μs
[03:43:40] [main/TRACE] [REI] [REIPlugin END] Reloading Section: "end-reload/FluidSupportProviderImpl/"
[03:43:40] [main/TRACE] [REI] [REIPlugin END] Reloading Section: "end-reload/FluidSupportProviderImpl/" done in 167.0 μs
[03:43:40] [main/TRACE] [REI] [REIPlugin END] Reloading Section: "end-reload/" done in 2.606 ms
[03:43:40] [main/DEBUG] [REI] ========================================
[03:43:40] [main/DEBUG] [REI] REIPlugin ended main-reload for END in 51.54 ms.
[03:43:40] [main/DEBUG] [REI] ========================================
[03:43:40] [main/INFO] [REI] ----------------------------------------
[03:43:40] [main/INFO] [REI] REIServerPlugin starting main-reload for END.
[03:43:40] [main/DEBUG] [REI] Reloadables (2):
[03:43:40] [main/DEBUG] [REI]  - MenuInfoRegistryImpl
[03:43:40] [main/DEBUG] [REI]  - SlotAccessorRegistryImpl
[03:43:40] [main/INFO] [REI] Plugins (2):
[03:43:40] [main/INFO] [REI]  - (-100.00) DefaultPluginImpl of DefaultPluginImpl [roughlyenoughitems]
[03:43:40] [main/INFO] [REI]  - (0.00) DefaultRuntimePlugin of DefaultRuntimePlugin [roughlyenoughitems]
[03:43:40] [main/INFO] [REI] ----------------------------------------
[03:43:40] [main/TRACE] [REI] [REIServerPlugin END] Reloading Section: "start-reload/"
[03:43:40] [main/TRACE] [REI] [REIServerPlugin END] Reloading Section: "start-reload/MenuInfoRegistryImpl/"
[03:43:40] [main/TRACE] [REI] [REIServerPlugin END] Reloading Section: "start-reload/MenuInfoRegistryImpl/" done in 248.9 μs
[03:43:40] [main/TRACE] [REI] [REIServerPlugin END] Reloading Section: "start-reload/SlotAccessorRegistryImpl/"
[03:43:40] [main/TRACE] [REI] [REIServerPlugin END] Reloading Section: "start-reload/SlotAccessorRegistryImpl/" done in 202.7 μs
[03:43:40] [main/TRACE] [REI] [REIServerPlugin END] Reloading Section: "start-reload/" done in 1.121 ms
[03:43:40] [main/DEBUG] [REI] ========================================
[03:43:40] [main/DEBUG] [REI] REIServerPlugin started main-reload for END.
[03:43:40] [main/DEBUG] [REI] ========================================
[03:43:40] [main/TRACE] [REI] [REIServerPlugin END] Reloading Section: "reloadable-plugin/MenuInfoRegistryImpl/"
[03:43:40] [main/TRACE] [REI] [REIServerPlugin END] Reloading Section: "reloadable-plugin/MenuInfoRegistryImpl/DefaultPluginImpl of DefaultPluginImpl [roughlyenoughitems]/"
[03:43:40] [main/TRACE] [REI] [REIServerPlugin END] Reloading Section: "reloadable-plugin/MenuInfoRegistryImpl/DefaultPluginImpl of DefaultPluginImpl [roughlyenoughitems]/" done in 191.6 μs
[03:43:40] [main/TRACE] [REI] [REIServerPlugin END] Reloading Section: "reloadable-plugin/MenuInfoRegistryImpl/DefaultRuntimePlugin of DefaultRuntimePlugin [roughlyenoughitems]/"
[03:43:40] [main/TRACE] [REI] [REIServerPlugin END] Reloading Section: "reloadable-plugin/MenuInfoRegistryImpl/DefaultRuntimePlugin of DefaultRuntimePlugin [roughlyenoughitems]/" done in 195.3 μs
[03:43:40] [main/TRACE] [REI] [REIServerPlugin END] Reloading Section: "reloadable-plugin/MenuInfoRegistryImpl/" done in 1.029 ms
[03:43:40] [main/TRACE] [REI] [REIServerPlugin END] Reloading Section: "reloadable-plugin/SlotAccessorRegistryImpl/"
[03:43:40] [main/TRACE] [REI] [REIServerPlugin END] Reloading Section: "reloadable-plugin/SlotAccessorRegistryImpl/DefaultPluginImpl of DefaultPluginImpl [roughlyenoughitems]/"
[03:43:40] [main/TRACE] [REI] [REIServerPlugin END] Reloading Section: "reloadable-plugin/SlotAccessorRegistryImpl/DefaultPluginImpl of DefaultPluginImpl [roughlyenoughitems]/" done in 199.3 μs
[03:43:40] [main/TRACE] [REI] [REIServerPlugin END] Reloading Section: "reloadable-plugin/SlotAccessorRegistryImpl/DefaultRuntimePlugin of DefaultRuntimePlugin [roughlyenoughitems]/"
[03:43:40] [main/DEBUG] [REI] Added slot accessor serializer: me.shedaniel.rei.plugin.common.runtime.DefaultRuntimePlugin$1@4709fb80 [roughlyenoughitems:vanilla]
[03:43:40] [main/DEBUG] [REI] Added slot accessor serializer: me.shedaniel.rei.plugin.common.runtime.DefaultRuntimePlugin$2@25a174e8 [roughlyenoughitems:player]
[03:43:40] [main/TRACE] [REI] [REIServerPlugin END] Reloading Section: "reloadable-plugin/SlotAccessorRegistryImpl/DefaultRuntimePlugin of DefaultRuntimePlugin [roughlyenoughitems]/" done in 3.549 ms
[03:43:40] [main/TRACE] [REI] [REIServerPlugin END] Reloading Section: "reloadable-plugin/SlotAccessorRegistryImpl/" done in 4.314 ms
[03:43:40] [main/DEBUG] [REI] ========================================
[03:43:40] [main/DEBUG] [REI] REIServerPlugin ending main-reload for END.
[03:43:40] [main/DEBUG] [REI] ========================================
[03:43:40] [main/TRACE] [REI] [REIServerPlugin END] Reloading Section: "end-reload/"
[03:43:40] [main/TRACE] [REI] [REIServerPlugin END] Reloading Section: "end-reload/MenuInfoRegistryImpl/"
[03:43:40] [main/DEBUG] [REI] Registered 0 menu infos
[03:43:40] [main/TRACE] [REI] [REIServerPlugin END] Reloading Section: "end-reload/MenuInfoRegistryImpl/" done in 504.7 μs
[03:43:40] [main/TRACE] [REI] [REIServerPlugin END] Reloading Section: "end-reload/SlotAccessorRegistryImpl/"
[03:43:40] [main/DEBUG] [REI] Registered 2 slot accessor serializers
[03:43:40] [main/TRACE] [REI] [REIServerPlugin END] Reloading Section: "end-reload/SlotAccessorRegistryImpl/" done in 477.1 μs
[03:43:40] [main/TRACE] [REI] [REIServerPlugin END] Reloading Section: "end-reload/" done in 1.542 ms
[03:43:40] [main/DEBUG] [REI] ========================================
[03:43:40] [main/DEBUG] [REI] REIServerPlugin ended main-reload for END in 15.48 ms.
[03:43:40] [main/DEBUG] [REI] ========================================
[03:43:40] [main/DEBUG] [REI] ========================================
[03:43:40] [main/DEBUG] [REI] REIPlugin starting post-reload for END.
[03:43:40] [main/DEBUG] [REI] Reloadables (7):
[03:43:40] [main/DEBUG] [REI]  - EntryTypeRegistryImpl
[03:43:40] [main/DEBUG] [REI]  - EntrySettingsAdapterRegistryImpl
[03:43:40] [main/DEBUG] [REI]  - RecipeManagerContextImpl
[03:43:40] [main/DEBUG] [REI]  - ItemComparatorRegistryImpl
[03:43:40] [main/DEBUG] [REI]  - FluidComparatorRegistryImpl
[03:43:40] [main/DEBUG] [REI]  - DisplaySerializerRegistryImpl
[03:43:40] [main/DEBUG] [REI]  - FluidSupportProviderImpl
[03:43:40] [main/DEBUG] [REI] Plugins (2):
[03:43:40] [main/DEBUG] [REI]  - (-100.00) DefaultPluginImpl of DefaultPluginImpl [roughlyenoughitems]
[03:43:40] [main/DEBUG] [REI]  - (0.00) DefaultRuntimePlugin of DefaultRuntimePlugin [roughlyenoughitems]
[03:43:40] [main/DEBUG] [REI] ========================================
[03:43:40] [main/TRACE] [REI] [REIPlugin END] Reloading Section: "post-register/"
[03:43:40] [main/TRACE] [REI] [REIPlugin END] Reloading Section: "post-register/DefaultPluginImpl of DefaultPluginImpl [roughlyenoughitems]/"
[03:43:40] [main/TRACE] [REI] [REIPlugin END] Reloading Section: "post-register/DefaultPluginImpl of DefaultPluginImpl [roughlyenoughitems]/" done in 171.2 μs
[03:43:40] [main/TRACE] [REI] [REIPlugin END] Reloading Section: "post-register/DefaultRuntimePlugin of DefaultRuntimePlugin [roughlyenoughitems]/"
[03:43:40] [main/TRACE] [REI] [REIPlugin END] Reloading Section: "post-register/DefaultRuntimePlugin of DefaultRuntimePlugin [roughlyenoughitems]/" done in 159.1 μs
[03:43:40] [main/TRACE] [REI] [REIPlugin END] Reloading Section: "post-register/" done in 895.0 μs
[03:43:40] [main/TRACE] [REI] [REIPlugin END] Reloading Section: "post-stage/"
[03:43:40] [main/TRACE] [REI] [REIPlugin END] Reloading Section: "post-stage/EntryTypeRegistryImpl/"
[03:43:40] [main/TRACE] [REI] [REIPlugin END] Reloading Section: "post-stage/EntryTypeRegistryImpl/" done in 158.3 μs
[03:43:40] [main/TRACE] [REI] [REIPlugin END] Reloading Section: "post-stage/EntrySettingsAdapterRegistryImpl/"
[03:43:40] [main/TRACE] [REI] [REIPlugin END] Reloading Section: "post-stage/EntrySettingsAdapterRegistryImpl/" done in 156.9 μs
[03:43:40] [main/TRACE] [REI] [REIPlugin END] Reloading Section: "post-stage/RecipeManagerContextImpl/"
[03:43:40] [main/TRACE] [REI] [REIPlugin END] Reloading Section: "post-stage/RecipeManagerContextImpl/" done in 161.8 μs
[03:43:40] [main/TRACE] [REI] [REIPlugin END] Reloading Section: "post-stage/ItemComparatorRegistryImpl/"
[03:43:40] [main/TRACE] [REI] [REIPlugin END] Reloading Section: "post-stage/ItemComparatorRegistryImpl/" done in 158.3 μs
[03:43:40] [main/TRACE] [REI] [REIPlugin END] Reloading Section: "post-stage/FluidComparatorRegistryImpl/"
[03:43:40] [main/TRACE] [REI] [REIPlugin END] Reloading Section: "post-stage/FluidComparatorRegistryImpl/" done in 165.4 μs
[03:43:40] [main/TRACE] [REI] [REIPlugin END] Reloading Section: "post-stage/DisplaySerializerRegistryImpl/"
[03:43:40] [main/TRACE] [REI] [REIPlugin END] Reloading Section: "post-stage/DisplaySerializerRegistryImpl/" done in 156.0 μs
[03:43:40] [main/TRACE] [REI] [REIPlugin END] Reloading Section: "post-stage/FluidSupportProviderImpl/"
[03:43:40] [main/TRACE] [REI] [REIPlugin END] Reloading Section: "post-stage/FluidSupportProviderImpl/" done in 159.7 μs
[03:43:40] [main/TRACE] [REI] [REIPlugin END] Reloading Section: "post-stage/" done in 2.622 ms
[03:43:40] [main/DEBUG] [REI] ========================================
[03:43:40] [main/INFO] [REI] REIPlugin finished post-reload for END in 3.874 ms, totaling 58.97 ms.
[03:43:40] [main/DEBUG] [REI] ========================================
[03:43:40] [main/DEBUG] [REI] ========================================
[03:43:40] [main/DEBUG] [REI] REIServerPlugin starting post-reload for END.
[03:43:40] [main/DEBUG] [REI] Reloadables (2):
[03:43:40] [main/DEBUG] [REI]  - MenuInfoRegistryImpl
[03:43:40] [main/DEBUG] [REI]  - SlotAccessorRegistryImpl
[03:43:40] [main/DEBUG] [REI] Plugins (2):
[03:43:40] [main/DEBUG] [REI]  - (-100.00) DefaultPluginImpl of DefaultPluginImpl [roughlyenoughitems]
[03:43:40] [main/DEBUG] [REI]  - (0.00) DefaultRuntimePlugin of DefaultRuntimePlugin [roughlyenoughitems]
[03:43:40] [main/DEBUG] [REI] ========================================
[03:43:40] [main/TRACE] [REI] [REIServerPlugin END] Reloading Section: "post-register/"
[03:43:40] [main/TRACE] [REI] [REIServerPlugin END] Reloading Section: "post-register/DefaultPluginImpl of DefaultPluginImpl [roughlyenoughitems]/"
[03:43:40] [main/TRACE] [REI] [REIServerPlugin END] Reloading Section: "post-register/DefaultPluginImpl of DefaultPluginImpl [roughlyenoughitems]/" done in 186.5 μs
[03:43:40] [main/TRACE] [REI] [REIServerPlugin END] Reloading Section: "post-register/DefaultRuntimePlugin of DefaultRuntimePlugin [roughlyenoughitems]/"
[03:43:40] [main/TRACE] [REI] [REIServerPlugin END] Reloading Section: "post-register/DefaultRuntimePlugin of DefaultRuntimePlugin [roughlyenoughitems]/" done in 177.7 μs
[03:43:40] [main/TRACE] [REI] [REIServerPlugin END] Reloading Section: "post-register/" done in 928.0 μs
[03:43:40] [main/TRACE] [REI] [REIServerPlugin END] Reloading Section: "post-stage/"
[03:43:40] [main/TRACE] [REI] [REIServerPlugin END] Reloading Section: "post-stage/MenuInfoRegistryImpl/"
[03:43:40] [main/TRACE] [REI] [REIServerPlugin END] Reloading Section: "post-stage/MenuInfoRegistryImpl/" done in 169.9 μs
[03:43:40] [main/TRACE] [REI] [REIServerPlugin END] Reloading Section: "post-stage/SlotAccessorRegistryImpl/"
[03:43:40] [main/TRACE] [REI] [REIServerPlugin END] Reloading Section: "post-stage/SlotAccessorRegistryImpl/" done in 166.2 μs
[03:43:40] [main/TRACE] [REI] [REIServerPlugin END] Reloading Section: "post-stage/" done in 874.5 μs
[03:43:40] [main/DEBUG] [REI] ========================================
[03:43:40] [main/INFO] [REI] REIServerPlugin finished post-reload for END in 2.150 ms, totaling 19.58 ms.
[03:43:40] [main/DEBUG] [REI] ========================================
